This file contains any messages produced by compilers while
running configure, to aid debugging if configure makes a mistake.

It was created by ctemplate configure 2.2, which was
generated by GNU Autoconf 2.69.  Invocation command line was

  $ ./configure --no-create --no-recursion

## --------- ##
## Platform. ##
## --------- ##

hostname = justin-laptop
uname -m = x86_64
uname -r = 3.7.9-2-ARCH
uname -s = Linux
uname -v = #1 SMP PREEMPT Mon Feb 25 12:04:25 CET 2013

/usr/bin/uname -p = unknown
/bin/uname -X     = unknown

/bin/arch              = unknown
/usr/bin/arch -k       = unknown
/usr/convex/getsysinfo = unknown
/usr/bin/hostinfo      = unknown
/bin/machine           = unknown
/usr/bin/oslevel       = unknown
/bin/universe          = unknown

PATH: /usr/local/bin
PATH: /usr/bin
PATH: /bin
PATH: /usr/local/sbin
PATH: /usr/sbin
PATH: /sbin
PATH: /usr/bin/core_perl


## ----------- ##
## Core tests. ##
## ----------- ##

configure:2607: checking build system type
configure:2621: result: x86_64-unknown-linux-gnu
configure:2641: checking host system type
configure:2654: result: x86_64-unknown-linux-gnu
configure:2690: checking for a BSD-compatible install
configure:2758: result: /usr/bin/install -c
configure:2769: checking whether build environment is sane
configure:2819: result: yes
configure:2960: checking for a thread-safe mkdir -p
configure:2999: result: /usr/bin/mkdir -p
configure:3012: checking for gawk
configure:3028: found /usr/bin/gawk
configure:3039: result: gawk
configure:3050: checking whether make sets $(MAKE)
configure:3072: result: yes
configure:3214: checking for g++
configure:3230: found /usr/bin/g++
configure:3241: result: g++
configure:3268: checking for C++ compiler version
configure:3277: g++ --version >&5
g++ (GCC) 4.7.2
Copyright (C) 2012 Free Software Foundation, Inc.
This is free software; see the source for copying conditions.  There is NO
warranty; not even for MERCHANTABILITY or FITNESS FOR A PARTICULAR PURPOSE.

configure:3288: $? = 0
configure:3277: g++ -v >&5
Using built-in specs.
COLLECT_GCC=g++
COLLECT_LTO_WRAPPER=/usr/lib/gcc/x86_64-unknown-linux-gnu/4.7.2/lto-wrapper
Target: x86_64-unknown-linux-gnu
Configured with: /build/src/gcc-4.7.2/configure --prefix=/usr --libdir=/usr/lib --libexecdir=/usr/lib --mandir=/usr/share/man --infodir=/usr/share/info --with-bugurl=https://bugs.archlinux.org/ --enable-languages=c,c++,ada,fortran,go,lto,objc,obj-c++ --enable-shared --enable-threads=posix --with-system-zlib --enable-__cxa_atexit --disable-libunwind-exceptions --enable-clocale=gnu --disable-libstdcxx-pch --enable-libstdcxx-time --enable-gnu-unique-object --enable-linker-build-id --with-ppl --enable-cloog-backend=isl --disable-ppl-version-check --disable-cloog-version-check --enable-lto --enable-gold --enable-ld=default --enable-plugin --with-plugin-ld=ld.gold --with-linker-hash-style=gnu --disable-multilib --disable-libssp --disable-build-with-cxx --disable-build-poststage1-with-cxx --enable-checking=release
Thread model: posix
gcc version 4.7.2 (GCC) 
configure:3288: $? = 0
configure:3277: g++ -V >&5
g++: error: unrecognized command line option '-V'
g++: fatal error: no input files
compilation terminated.
configure:3288: $? = 1
configure:3277: g++ -qversion >&5
g++: error: unrecognized command line option '-qversion'
g++: fatal error: no input files
compilation terminated.
configure:3288: $? = 1
configure:3308: checking whether the C++ compiler works
configure:3330: g++    conftest.cpp  >&5
configure:3334: $? = 0
configure:3382: result: yes
configure:3385: checking for C++ compiler default output file name
configure:3387: result: a.out
configure:3393: checking for suffix of executables
configure:3400: g++ -o conftest    conftest.cpp  >&5
configure:3404: $? = 0
configure:3426: result: 
configure:3448: checking whether we are cross compiling
configure:3456: g++ -o conftest    conftest.cpp  >&5
configure:3460: $? = 0
configure:3467: ./conftest
configure:3471: $? = 0
configure:3486: result: no
configure:3491: checking for suffix of object files
configure:3513: g++ -c   conftest.cpp >&5
configure:3517: $? = 0
configure:3538: result: o
configure:3542: checking whether we are using the GNU C++ compiler
configure:3561: g++ -c   conftest.cpp >&5
configure:3561: $? = 0
configure:3570: result: yes
configure:3579: checking whether g++ accepts -g
configure:3599: g++ -c -g  conftest.cpp >&5
configure:3599: $? = 0
configure:3640: result: yes
configure:3674: checking for style of include used by make
configure:3702: result: GNU
configure:3727: checking dependency style of g++
configure:3837: result: gcc3
configure:3900: checking for gcc
configure:3916: found /usr/bin/gcc
configure:3927: result: gcc
configure:4156: checking for C compiler version
configure:4165: gcc --version >&5
gcc (GCC) 4.7.2
Copyright (C) 2012 Free Software Foundation, Inc.
This is free software; see the source for copying conditions.  There is NO
warranty; not even for MERCHANTABILITY or FITNESS FOR A PARTICULAR PURPOSE.

configure:4176: $? = 0
configure:4165: gcc -v >&5
Using built-in specs.
COLLECT_GCC=gcc
COLLECT_LTO_WRAPPER=/usr/lib/gcc/x86_64-unknown-linux-gnu/4.7.2/lto-wrapper
Target: x86_64-unknown-linux-gnu
Configured with: /build/src/gcc-4.7.2/configure --prefix=/usr --libdir=/usr/lib --libexecdir=/usr/lib --mandir=/usr/share/man --infodir=/usr/share/info --with-bugurl=https://bugs.archlinux.org/ --enable-languages=c,c++,ada,fortran,go,lto,objc,obj-c++ --enable-shared --enable-threads=posix --with-system-zlib --enable-__cxa_atexit --disable-libunwind-exceptions --enable-clocale=gnu --disable-libstdcxx-pch --enable-libstdcxx-time --enable-gnu-unique-object --enable-linker-build-id --with-ppl --enable-cloog-backend=isl --disable-ppl-version-check --disable-cloog-version-check --enable-lto --enable-gold --enable-ld=default --enable-plugin --with-plugin-ld=ld.gold --with-linker-hash-style=gnu --disable-multilib --disable-libssp --disable-build-with-cxx --disable-build-poststage1-with-cxx --enable-checking=release
Thread model: posix
gcc version 4.7.2 (GCC) 
configure:4176: $? = 0
configure:4165: gcc -V >&5
gcc: error: unrecognized command line option '-V'
gcc: fatal error: no input files
compilation terminated.
configure:4176: $? = 1
configure:4165: gcc -qversion >&5
gcc: error: unrecognized command line option '-qversion'
gcc: fatal error: no input files
compilation terminated.
configure:4176: $? = 1
configure:4180: checking whether we are using the GNU C compiler
configure:4199: gcc -c   conftest.c >&5
configure:4199: $? = 0
configure:4208: result: yes
configure:4217: checking whether gcc accepts -g
configure:4237: gcc -c -g  conftest.c >&5
configure:4237: $? = 0
configure:4278: result: yes
configure:4295: checking for gcc option to accept ISO C89
configure:4358: gcc  -c -g -O2  conftest.c >&5
configure:4358: $? = 0
configure:4371: result: none needed
configure:4393: checking dependency style of gcc
configure:4503: result: gcc3
configure:4519: checking whether gcc and cc understand -c and -o together
configure:4550: gcc -c conftest.c -o conftest2.o >&5
configure:4554: $? = 0
configure:4560: gcc -c conftest.c -o conftest2.o >&5
configure:4564: $? = 0
configure:4575: cc -c conftest.c >&5
configure:4579: $? = 0
configure:4587: cc -c conftest.c -o conftest2.o >&5
configure:4591: $? = 0
configure:4597: cc -c conftest.c -o conftest2.o >&5
configure:4601: $? = 0
configure:4619: result: yes
configure:4649: checking how to run the C preprocessor
configure:4680: gcc -E  conftest.c
configure:4680: $? = 0
configure:4694: gcc -E  conftest.c
conftest.c:11:28: fatal error: ac_nonexistent.h: No such file or directory
compilation terminated.
configure:4694: $? = 1
configure: failed program was:
| /* confdefs.h */
| #define PACKAGE_NAME "ctemplate"
| #define PACKAGE_TARNAME "ctemplate"
| #define PACKAGE_VERSION "2.2"
| #define PACKAGE_STRING "ctemplate 2.2"
| #define PACKAGE_BUGREPORT "google-ctemplate@googlegroups.com"
| #define PACKAGE_URL ""
| #define PACKAGE "ctemplate"
| #define VERSION "2.2"
| /* end confdefs.h.  */
| #include <ac_nonexistent.h>
configure:4719: result: gcc -E
configure:4739: gcc -E  conftest.c
configure:4739: $? = 0
configure:4753: gcc -E  conftest.c
conftest.c:11:28: fatal error: ac_nonexistent.h: No such file or directory
compilation terminated.
configure:4753: $? = 1
configure: failed program was:
| /* confdefs.h */
| #define PACKAGE_NAME "ctemplate"
| #define PACKAGE_TARNAME "ctemplate"
| #define PACKAGE_VERSION "2.2"
| #define PACKAGE_STRING "ctemplate 2.2"
| #define PACKAGE_BUGREPORT "google-ctemplate@googlegroups.com"
| #define PACKAGE_URL ""
| #define PACKAGE "ctemplate"
| #define VERSION "2.2"
| /* end confdefs.h.  */
| #include <ac_nonexistent.h>
configure:4899: checking for a sed that does not truncate output
configure:4963: result: /usr/bin/sed
configure:4981: checking for grep that handles long lines and -e
configure:5039: result: /usr/bin/grep
configure:5044: checking for egrep
configure:5106: result: /usr/bin/grep -E
configure:5111: checking for fgrep
configure:5173: result: /usr/bin/grep -F
configure:5208: checking for ld used by gcc
configure:5275: result: /usr/bin/ld
configure:5282: checking if the linker (/usr/bin/ld) is GNU ld
configure:5297: result: yes
configure:5309: checking for BSD- or MS-compatible name lister (nm)
configure:5358: result: /usr/bin/nm -B
configure:5476: checking the name lister (/usr/bin/nm -B) interface
configure:5483: gcc -c -g -O2  conftest.c >&5
configure:5486: /usr/bin/nm -B "conftest.o"
configure:5489: output
0000000000000000 B some_variable
configure:5496: result: BSD nm
configure:5499: checking whether ln -s works
configure:5503: result: yes
configure:5511: checking the maximum length of command line arguments
configure:5631: result: 1635000
configure:5648: checking whether the shell understands some XSI constructs
configure:5658: result: yes
configure:5662: checking whether the shell understands "+="
configure:5668: result: yes
configure:5703: checking for /usr/bin/ld option to reload object files
configure:5710: result: -r
configure:5779: checking for objdump
configure:5795: found /usr/bin/objdump
configure:5806: result: objdump
configure:5838: checking how to recognize dependent libraries
configure:6034: result: pass_all
configure:6094: checking for ar
configure:6110: found /usr/bin/ar
configure:6121: result: ar
configure:6199: checking for strip
configure:6215: found /usr/bin/strip
configure:6226: result: strip
configure:6298: checking for ranlib
configure:6314: found /usr/bin/ranlib
configure:6325: result: ranlib
configure:6415: checking command to parse /usr/bin/nm -B output from gcc object
configure:6533: gcc -c -g -O2  conftest.c >&5
configure:6536: $? = 0
configure:6540: /usr/bin/nm -B conftest.o \| sed -n -e 's/^.*[	 ]\([ABCDGIRSTW][ABCDGIRSTW]*\)[	 ][	 ]*\([_A-Za-z][_A-Za-z0-9]*\)$/\1 \2 \2/p' \> conftest.nm
configure:6543: $? = 0
configure:6597: gcc -o conftest -g -O2   conftest.c conftstm.o >&5
configure:6600: $? = 0
configure:6638: result: ok
configure:6734: gcc -c -g -O2  conftest.c >&5
configure:6737: $? = 0
configure:7443: checking for ANSI C header files
configure:7463: gcc -c -g -O2  conftest.c >&5
configure:7463: $? = 0
configure:7536: gcc -o conftest -g -O2   conftest.c  >&5
configure:7536: $? = 0
configure:7536: ./conftest
configure:7536: $? = 0
configure:7547: result: yes
configure:7560: checking for sys/types.h
configure:7560: gcc -c -g -O2  conftest.c >&5
configure:7560: $? = 0
configure:7560: result: yes
configure:7560: checking for sys/stat.h
configure:7560: gcc -c -g -O2  conftest.c >&5
configure:7560: $? = 0
configure:7560: result: yes
configure:7560: checking for stdlib.h
configure:7560: gcc -c -g -O2  conftest.c >&5
configure:7560: $? = 0
configure:7560: result: yes
configure:7560: checking for string.h
configure:7560: gcc -c -g -O2  conftest.c >&5
configure:7560: $? = 0
configure:7560: result: yes
configure:7560: checking for memory.h
configure:7560: gcc -c -g -O2  conftest.c >&5
configure:7560: $? = 0
configure:7560: result: yes
configure:7560: checking for strings.h
configure:7560: gcc -c -g -O2  conftest.c >&5
configure:7560: $? = 0
configure:7560: result: yes
configure:7560: checking for inttypes.h
configure:7560: gcc -c -g -O2  conftest.c >&5
configure:7560: $? = 0
configure:7560: result: yes
configure:7560: checking for stdint.h
configure:7560: gcc -c -g -O2  conftest.c >&5
configure:7560: $? = 0
configure:7560: result: yes
configure:7560: checking for unistd.h
configure:7560: gcc -c -g -O2  conftest.c >&5
configure:7560: $? = 0
configure:7560: result: yes
configure:7574: checking for dlfcn.h
configure:7574: gcc -c -g -O2  conftest.c >&5
configure:7574: $? = 0
configure:7574: result: yes
configure:7699: checking for C++ compiler version
configure:7708: g++ --version >&5
g++ (GCC) 4.7.2
Copyright (C) 2012 Free Software Foundation, Inc.
This is free software; see the source for copying conditions.  There is NO
warranty; not even for MERCHANTABILITY or FITNESS FOR A PARTICULAR PURPOSE.

configure:7719: $? = 0
configure:7708: g++ -v >&5
Using built-in specs.
COLLECT_GCC=g++
COLLECT_LTO_WRAPPER=/usr/lib/gcc/x86_64-unknown-linux-gnu/4.7.2/lto-wrapper
Target: x86_64-unknown-linux-gnu
Configured with: /build/src/gcc-4.7.2/configure --prefix=/usr --libdir=/usr/lib --libexecdir=/usr/lib --mandir=/usr/share/man --infodir=/usr/share/info --with-bugurl=https://bugs.archlinux.org/ --enable-languages=c,c++,ada,fortran,go,lto,objc,obj-c++ --enable-shared --enable-threads=posix --with-system-zlib --enable-__cxa_atexit --disable-libunwind-exceptions --enable-clocale=gnu --disable-libstdcxx-pch --enable-libstdcxx-time --enable-gnu-unique-object --enable-linker-build-id --with-ppl --enable-cloog-backend=isl --disable-ppl-version-check --disable-cloog-version-check --enable-lto --enable-gold --enable-ld=default --enable-plugin --with-plugin-ld=ld.gold --with-linker-hash-style=gnu --disable-multilib --disable-libssp --disable-build-with-cxx --disable-build-poststage1-with-cxx --enable-checking=release
Thread model: posix
gcc version 4.7.2 (GCC) 
configure:7719: $? = 0
configure:7708: g++ -V >&5
g++: error: unrecognized command line option '-V'
g++: fatal error: no input files
compilation terminated.
configure:7719: $? = 1
configure:7708: g++ -qversion >&5
g++: error: unrecognized command line option '-qversion'
g++: fatal error: no input files
compilation terminated.
configure:7719: $? = 1
configure:7723: checking whether we are using the GNU C++ compiler
configure:7751: result: yes
configure:7760: checking whether g++ accepts -g
configure:7821: result: yes
configure:7846: checking dependency style of g++
configure:7956: result: gcc3
configure:7979: checking how to run the C++ preprocessor
configure:8006: g++ -E  conftest.cpp
configure:8006: $? = 0
configure:8020: g++ -E  conftest.cpp
conftest.cpp:22:28: fatal error: ac_nonexistent.h: No such file or directory
compilation terminated.
configure:8020: $? = 1
configure: failed program was:
| /* confdefs.h */
| #define PACKAGE_NAME "ctemplate"
| #define PACKAGE_TARNAME "ctemplate"
| #define PACKAGE_VERSION "2.2"
| #define PACKAGE_STRING "ctemplate 2.2"
| #define PACKAGE_BUGREPORT "google-ctemplate@googlegroups.com"
| #define PACKAGE_URL ""
| #define PACKAGE "ctemplate"
| #define VERSION "2.2"
| #define STDC_HEADERS 1
| #define HAVE_SYS_TYPES_H 1
| #define HAVE_SYS_STAT_H 1
| #define HAVE_STDLIB_H 1
| #define HAVE_STRING_H 1
| #define HAVE_MEMORY_H 1
| #define HAVE_STRINGS_H 1
| #define HAVE_INTTYPES_H 1
| #define HAVE_STDINT_H 1
| #define HAVE_UNISTD_H 1
| #define HAVE_DLFCN_H 1
| /* end confdefs.h.  */
| #include <ac_nonexistent.h>
configure:8045: result: g++ -E
configure:8065: g++ -E  conftest.cpp
configure:8065: $? = 0
configure:8079: g++ -E  conftest.cpp
conftest.cpp:22:28: fatal error: ac_nonexistent.h: No such file or directory
compilation terminated.
configure:8079: $? = 1
configure: failed program was:
| /* confdefs.h */
| #define PACKAGE_NAME "ctemplate"
| #define PACKAGE_TARNAME "ctemplate"
| #define PACKAGE_VERSION "2.2"
| #define PACKAGE_STRING "ctemplate 2.2"
| #define PACKAGE_BUGREPORT "google-ctemplate@googlegroups.com"
| #define PACKAGE_URL ""
| #define PACKAGE "ctemplate"
| #define VERSION "2.2"
| #define STDC_HEADERS 1
| #define HAVE_SYS_TYPES_H 1
| #define HAVE_SYS_STAT_H 1
| #define HAVE_STDLIB_H 1
| #define HAVE_STRING_H 1
| #define HAVE_MEMORY_H 1
| #define HAVE_STRINGS_H 1
| #define HAVE_INTTYPES_H 1
| #define HAVE_STDINT_H 1
| #define HAVE_UNISTD_H 1
| #define HAVE_DLFCN_H 1
| /* end confdefs.h.  */
| #include <ac_nonexistent.h>
configure:8256: checking for objdir
configure:8271: result: .libs
configure:8567: checking if gcc supports -fno-rtti -fno-exceptions
configure:8585: gcc -c -g -O2  -fno-rtti -fno-exceptions conftest.c >&5
cc1: warning: command line option '-fno-rtti' is valid for C++/ObjC++ but not for C [enabled by default]
configure:8589: $? = 0
configure:8602: result: no
configure:8622: checking for gcc option to produce PIC
configure:8894: result: -fPIC -DPIC
configure:8906: checking if gcc PIC flag -fPIC -DPIC works
configure:8924: gcc -c -g -O2  -fPIC -DPIC -DPIC conftest.c >&5
configure:8928: $? = 0
configure:8941: result: yes
configure:8965: checking if gcc static flag -static works
configure:8993: result: yes
configure:9008: checking if gcc supports -c -o file.o
configure:9029: gcc -c -g -O2  -o out/conftest2.o conftest.c >&5
configure:9033: $? = 0
configure:9055: result: yes
configure:9063: checking if gcc supports -c -o file.o
configure:9110: result: yes
configure:9143: checking whether the gcc linker (/usr/bin/ld -m elf_x86_64) supports shared libraries
configure:10134: result: yes
configure:10171: checking whether -lc should be explicitly linked in
configure:10176: gcc -c -g -O2  conftest.c >&5
configure:10179: $? = 0
configure:10194: gcc -shared conftest.o  -v -Wl,-soname -Wl,conftest -o conftest 2\>\&1 \| /usr/bin/grep  -lc  \>/dev/null 2\>\&1
configure:10197: $? = 0
configure:10209: result: no
configure:10373: checking dynamic linker characteristics
configure:10806: gcc -o conftest -g -O2   -Wl,-rpath -Wl,/foo conftest.c  >&5
configure:10806: $? = 0
configure:11036: result: GNU/Linux ld.so
configure:11138: checking how to hardcode library paths into programs
configure:11163: result: immediate
configure:11683: checking whether stripping libraries is possible
configure:11688: result: yes
configure:11723: checking if libtool supports shared libraries
configure:11725: result: yes
configure:11728: checking whether to build shared libraries
configure:11749: result: yes
configure:11752: checking whether to build static libraries
configure:11756: result: yes
configure:11906: checking for ld used by g++
configure:11973: result: /usr/bin/ld -m elf_x86_64
configure:11980: checking if the linker (/usr/bin/ld -m elf_x86_64) is GNU ld
configure:11995: result: yes
configure:12050: checking whether the g++ linker (/usr/bin/ld -m elf_x86_64) supports shared libraries
configure:12963: result: yes
configure:12991: g++ -c -g -O2  conftest.cpp >&5
configure:12994: $? = 0
configure:13176: checking for g++ option to produce PIC
configure:13493: result: -fPIC -DPIC
configure:13502: checking if g++ PIC flag -fPIC -DPIC works
configure:13520: g++ -c -g -O2  -fPIC -DPIC -DPIC conftest.cpp >&5
configure:13524: $? = 0
configure:13537: result: yes
configure:13558: checking if g++ static flag -static works
configure:13586: result: yes
configure:13598: checking if g++ supports -c -o file.o
configure:13619: g++ -c -g -O2  -o out/conftest2.o conftest.cpp >&5
configure:13623: $? = 0
configure:13645: result: yes
configure:13650: checking if g++ supports -c -o file.o
configure:13697: result: yes
configure:13727: checking whether the g++ linker (/usr/bin/ld -m elf_x86_64) supports shared libraries
configure:13756: result: yes
configure:13893: checking dynamic linker characteristics
configure:14274: g++ -o conftest -g -O2   -Wl,-rpath -Wl,/foo conftest.cpp  >&5
configure:14274: $? = 0
configure:14504: result: GNU/Linux ld.so
configure:14555: checking how to hardcode library paths into programs
configure:14580: result: immediate
configure:14641: checking whether ln -s works
configure:14645: result: yes
configure:14654: checking for __attribute__
configure:14673: gcc -c -g -O2  conftest.c >&5
configure:14673: $? = 0
configure:14687: result: yes
configure:14692: checking for ANSI C header files
configure:14796: result: yes
configure:14806: checking printf format code for printing a size_t and ssize_t
configure:14822: gcc -c -g -O2  conftest.c >&5
conftest.c: In function 'main':
conftest.c:29:49: error: invalid operands to binary - (have 'unsigned int *' and 'size_t *')
configure:14822: $? = 1
configure: failed program was:
| /* confdefs.h */
| #define PACKAGE_NAME "ctemplate"
| #define PACKAGE_TARNAME "ctemplate"
| #define PACKAGE_VERSION "2.2"
| #define PACKAGE_STRING "ctemplate 2.2"
| #define PACKAGE_BUGREPORT "google-ctemplate@googlegroups.com"
| #define PACKAGE_URL ""
| #define PACKAGE "ctemplate"
| #define VERSION "2.2"
| #define STDC_HEADERS 1
| #define HAVE_SYS_TYPES_H 1
| #define HAVE_SYS_STAT_H 1
| #define HAVE_STDLIB_H 1
| #define HAVE_STRING_H 1
| #define HAVE_MEMORY_H 1
| #define HAVE_STRINGS_H 1
| #define HAVE_INTTYPES_H 1
| #define HAVE_STDINT_H 1
| #define HAVE_UNISTD_H 1
| #define HAVE_DLFCN_H 1
| #define LT_OBJDIR ".libs/"
| #define HAVE___ATTRIBUTE__ 1
| #define STDC_HEADERS 1
| /* end confdefs.h.  */
| #include <stddef.h>
| int
| main ()
| {
| unsigned int v1 = 0; size_t v2 = 0; return (&v1 - &v2)
|   ;
|   return 0;
| }
configure:14837: gcc -c -g -O2  conftest.c >&5
configure:14837: $? = 0
configure:14852: gcc -c -g -O2  conftest.c >&5
conftest.c: In function 'main':
conftest.c:29:55: error: invalid operands to binary - (have 'long long unsigned int *' and 'size_t *')
configure:14852: $? = 1
configure: failed program was:
| /* confdefs.h */
| #define PACKAGE_NAME "ctemplate"
| #define PACKAGE_TARNAME "ctemplate"
| #define PACKAGE_VERSION "2.2"
| #define PACKAGE_STRING "ctemplate 2.2"
| #define PACKAGE_BUGREPORT "google-ctemplate@googlegroups.com"
| #define PACKAGE_URL ""
| #define PACKAGE "ctemplate"
| #define VERSION "2.2"
| #define STDC_HEADERS 1
| #define HAVE_SYS_TYPES_H 1
| #define HAVE_SYS_STAT_H 1
| #define HAVE_STDLIB_H 1
| #define HAVE_STRING_H 1
| #define HAVE_MEMORY_H 1
| #define HAVE_STRINGS_H 1
| #define HAVE_INTTYPES_H 1
| #define HAVE_STDINT_H 1
| #define HAVE_UNISTD_H 1
| #define HAVE_DLFCN_H 1
| #define LT_OBJDIR ".libs/"
| #define HAVE___ATTRIBUTE__ 1
| #define STDC_HEADERS 1
| /* end confdefs.h.  */
| #include <stddef.h>
| int
| main ()
| {
| unsigned long long v1 = 0; size_t v2 = 0; return (&v1 - &v2)
|   ;
|   return 0;
| }
configure:14858: result: l
configure:14884: checking for getopt_long
configure:14884: gcc -o conftest -g -O2   conftest.c  >&5
configure:14884: $? = 0
configure:14884: result: yes
configure:14884: checking for getopt
configure:14884: gcc -o conftest -g -O2   conftest.c  >&5
configure:14884: $? = 0
configure:14884: result: yes
configure:14895: checking getopt.h usability
configure:14895: gcc -c -g -O2  conftest.c >&5
configure:14895: $? = 0
configure:14895: result: yes
configure:14895: checking getopt.h presence
configure:14895: gcc -E  conftest.c
configure:14895: $? = 0
configure:14895: result: yes
configure:14895: checking for getopt.h
configure:14895: result: yes
configure:14907: checking utime.h usability
configure:14907: gcc -c -g -O2  conftest.c >&5
configure:14907: $? = 0
configure:14907: result: yes
configure:14907: checking utime.h presence
configure:14907: gcc -E  conftest.c
configure:14907: $? = 0
configure:14907: result: yes
configure:14907: checking for utime.h
configure:14907: result: yes
configure:14920: checking for uint32_t
configure:14920: gcc -c -g -O2  conftest.c >&5
configure:14920: $? = 0
configure:14920: gcc -c -g -O2  conftest.c >&5
conftest.c: In function 'main':
conftest.c:68:23: error: expected expression before ')' token
configure:14920: $? = 1
configure: failed program was:
| /* confdefs.h */
| #define PACKAGE_NAME "ctemplate"
| #define PACKAGE_TARNAME "ctemplate"
| #define PACKAGE_VERSION "2.2"
| #define PACKAGE_STRING "ctemplate 2.2"
| #define PACKAGE_BUGREPORT "google-ctemplate@googlegroups.com"
| #define PACKAGE_URL ""
| #define PACKAGE "ctemplate"
| #define VERSION "2.2"
| #define STDC_HEADERS 1
| #define HAVE_SYS_TYPES_H 1
| #define HAVE_SYS_STAT_H 1
| #define HAVE_STDLIB_H 1
| #define HAVE_STRING_H 1
| #define HAVE_MEMORY_H 1
| #define HAVE_STRINGS_H 1
| #define HAVE_INTTYPES_H 1
| #define HAVE_STDINT_H 1
| #define HAVE_UNISTD_H 1
| #define HAVE_DLFCN_H 1
| #define LT_OBJDIR ".libs/"
| #define HAVE___ATTRIBUTE__ 1
| #define STDC_HEADERS 1
| #define PRIuS "lu"
| #define PRIxS "lx"
| #define PRIdS "ld"
| #define HAVE_GETOPT_LONG 1
| #define HAVE_GETOPT 1
| #define HAVE_GETOPT_H 1
| #define HAVE_UTIME_H 1
| /* end confdefs.h.  */
| #include <stdio.h>
| #ifdef HAVE_SYS_TYPES_H
| # include <sys/types.h>
| #endif
| #ifdef HAVE_SYS_STAT_H
| # include <sys/stat.h>
| #endif
| #ifdef STDC_HEADERS
| # include <stdlib.h>
| # include <stddef.h>
| #else
| # ifdef HAVE_STDLIB_H
| #  include <stdlib.h>
| # endif
| #endif
| #ifdef HAVE_STRING_H
| # if !defined STDC_HEADERS && defined HAVE_MEMORY_H
| #  include <memory.h>
| # endif
| # include <string.h>
| #endif
| #ifdef HAVE_STRINGS_H
| # include <strings.h>
| #endif
| #ifdef HAVE_INTTYPES_H
| # include <inttypes.h>
| #endif
| #ifdef HAVE_STDINT_H
| # include <stdint.h>
| #endif
| #ifdef HAVE_UNISTD_H
| # include <unistd.h>
| #endif
| int
| main ()
| {
| if (sizeof ((uint32_t)))
| 	    return 0;
|   ;
|   return 0;
| }
configure:14920: result: yes
configure:14930: checking for u_int32_t
configure:14930: gcc -c -g -O2  conftest.c >&5
configure:14930: $? = 0
configure:14930: gcc -c -g -O2  conftest.c >&5
conftest.c: In function 'main':
conftest.c:69:24: error: expected expression before ')' token
configure:14930: $? = 1
configure: failed program was:
| /* confdefs.h */
| #define PACKAGE_NAME "ctemplate"
| #define PACKAGE_TARNAME "ctemplate"
| #define PACKAGE_VERSION "2.2"
| #define PACKAGE_STRING "ctemplate 2.2"
| #define PACKAGE_BUGREPORT "google-ctemplate@googlegroups.com"
| #define PACKAGE_URL ""
| #define PACKAGE "ctemplate"
| #define VERSION "2.2"
| #define STDC_HEADERS 1
| #define HAVE_SYS_TYPES_H 1
| #define HAVE_SYS_STAT_H 1
| #define HAVE_STDLIB_H 1
| #define HAVE_STRING_H 1
| #define HAVE_MEMORY_H 1
| #define HAVE_STRINGS_H 1
| #define HAVE_INTTYPES_H 1
| #define HAVE_STDINT_H 1
| #define HAVE_UNISTD_H 1
| #define HAVE_DLFCN_H 1
| #define LT_OBJDIR ".libs/"
| #define HAVE___ATTRIBUTE__ 1
| #define STDC_HEADERS 1
| #define PRIuS "lu"
| #define PRIxS "lx"
| #define PRIdS "ld"
| #define HAVE_GETOPT_LONG 1
| #define HAVE_GETOPT 1
| #define HAVE_GETOPT_H 1
| #define HAVE_UTIME_H 1
| #define HAVE_UINT32_T 1
| /* end confdefs.h.  */
| #include <stdio.h>
| #ifdef HAVE_SYS_TYPES_H
| # include <sys/types.h>
| #endif
| #ifdef HAVE_SYS_STAT_H
| # include <sys/stat.h>
| #endif
| #ifdef STDC_HEADERS
| # include <stdlib.h>
| # include <stddef.h>
| #else
| # ifdef HAVE_STDLIB_H
| #  include <stdlib.h>
| # endif
| #endif
| #ifdef HAVE_STRING_H
| # if !defined STDC_HEADERS && defined HAVE_MEMORY_H
| #  include <memory.h>
| # endif
| # include <string.h>
| #endif
| #ifdef HAVE_STRINGS_H
| # include <strings.h>
| #endif
| #ifdef HAVE_INTTYPES_H
| # include <inttypes.h>
| #endif
| #ifdef HAVE_STDINT_H
| # include <stdint.h>
| #endif
| #ifdef HAVE_UNISTD_H
| # include <unistd.h>
| #endif
| int
| main ()
| {
| if (sizeof ((u_int32_t)))
| 	    return 0;
|   ;
|   return 0;
| }
configure:14930: result: yes
configure:14940: checking for __int32
configure:14940: gcc -c -g -O2  conftest.c >&5
conftest.c: In function 'main':
conftest.c:70:13: error: '__int32' undeclared (first use in this function)
conftest.c:70:13: note: each undeclared identifier is reported only once for each function it appears in
configure:14940: $? = 1
configure: failed program was:
| /* confdefs.h */
| #define PACKAGE_NAME "ctemplate"
| #define PACKAGE_TARNAME "ctemplate"
| #define PACKAGE_VERSION "2.2"
| #define PACKAGE_STRING "ctemplate 2.2"
| #define PACKAGE_BUGREPORT "google-ctemplate@googlegroups.com"
| #define PACKAGE_URL ""
| #define PACKAGE "ctemplate"
| #define VERSION "2.2"
| #define STDC_HEADERS 1
| #define HAVE_SYS_TYPES_H 1
| #define HAVE_SYS_STAT_H 1
| #define HAVE_STDLIB_H 1
| #define HAVE_STRING_H 1
| #define HAVE_MEMORY_H 1
| #define HAVE_STRINGS_H 1
| #define HAVE_INTTYPES_H 1
| #define HAVE_STDINT_H 1
| #define HAVE_UNISTD_H 1
| #define HAVE_DLFCN_H 1
| #define LT_OBJDIR ".libs/"
| #define HAVE___ATTRIBUTE__ 1
| #define STDC_HEADERS 1
| #define PRIuS "lu"
| #define PRIxS "lx"
| #define PRIdS "ld"
| #define HAVE_GETOPT_LONG 1
| #define HAVE_GETOPT 1
| #define HAVE_GETOPT_H 1
| #define HAVE_UTIME_H 1
| #define HAVE_UINT32_T 1
| #define HAVE_U_INT32_T 1
| /* end confdefs.h.  */
| #include <stdio.h>
| #ifdef HAVE_SYS_TYPES_H
| # include <sys/types.h>
| #endif
| #ifdef HAVE_SYS_STAT_H
| # include <sys/stat.h>
| #endif
| #ifdef STDC_HEADERS
| # include <stdlib.h>
| # include <stddef.h>
| #else
| # ifdef HAVE_STDLIB_H
| #  include <stdlib.h>
| # endif
| #endif
| #ifdef HAVE_STRING_H
| # if !defined STDC_HEADERS && defined HAVE_MEMORY_H
| #  include <memory.h>
| # endif
| # include <string.h>
| #endif
| #ifdef HAVE_STRINGS_H
| # include <strings.h>
| #endif
| #ifdef HAVE_INTTYPES_H
| # include <inttypes.h>
| #endif
| #ifdef HAVE_STDINT_H
| # include <stdint.h>
| #endif
| #ifdef HAVE_UNISTD_H
| # include <unistd.h>
| #endif
| int
| main ()
| {
| if (sizeof (__int32))
| 	 return 0;
|   ;
|   return 0;
| }
configure:14940: result: no
configure:14950: checking for uint64_t
configure:14950: gcc -c -g -O2  conftest.c >&5
configure:14950: $? = 0
configure:14950: gcc -c -g -O2  conftest.c >&5
conftest.c: In function 'main':
conftest.c:70:23: error: expected expression before ')' token
configure:14950: $? = 1
configure: failed program was:
| /* confdefs.h */
| #define PACKAGE_NAME "ctemplate"
| #define PACKAGE_TARNAME "ctemplate"
| #define PACKAGE_VERSION "2.2"
| #define PACKAGE_STRING "ctemplate 2.2"
| #define PACKAGE_BUGREPORT "google-ctemplate@googlegroups.com"
| #define PACKAGE_URL ""
| #define PACKAGE "ctemplate"
| #define VERSION "2.2"
| #define STDC_HEADERS 1
| #define HAVE_SYS_TYPES_H 1
| #define HAVE_SYS_STAT_H 1
| #define HAVE_STDLIB_H 1
| #define HAVE_STRING_H 1
| #define HAVE_MEMORY_H 1
| #define HAVE_STRINGS_H 1
| #define HAVE_INTTYPES_H 1
| #define HAVE_STDINT_H 1
| #define HAVE_UNISTD_H 1
| #define HAVE_DLFCN_H 1
| #define LT_OBJDIR ".libs/"
| #define HAVE___ATTRIBUTE__ 1
| #define STDC_HEADERS 1
| #define PRIuS "lu"
| #define PRIxS "lx"
| #define PRIdS "ld"
| #define HAVE_GETOPT_LONG 1
| #define HAVE_GETOPT 1
| #define HAVE_GETOPT_H 1
| #define HAVE_UTIME_H 1
| #define HAVE_UINT32_T 1
| #define HAVE_U_INT32_T 1
| /* end confdefs.h.  */
| #include <stdio.h>
| #ifdef HAVE_SYS_TYPES_H
| # include <sys/types.h>
| #endif
| #ifdef HAVE_SYS_STAT_H
| # include <sys/stat.h>
| #endif
| #ifdef STDC_HEADERS
| # include <stdlib.h>
| # include <stddef.h>
| #else
| # ifdef HAVE_STDLIB_H
| #  include <stdlib.h>
| # endif
| #endif
| #ifdef HAVE_STRING_H
| # if !defined STDC_HEADERS && defined HAVE_MEMORY_H
| #  include <memory.h>
| # endif
| # include <string.h>
| #endif
| #ifdef HAVE_STRINGS_H
| # include <strings.h>
| #endif
| #ifdef HAVE_INTTYPES_H
| # include <inttypes.h>
| #endif
| #ifdef HAVE_STDINT_H
| # include <stdint.h>
| #endif
| #ifdef HAVE_UNISTD_H
| # include <unistd.h>
| #endif
| int
| main ()
| {
| if (sizeof ((uint64_t)))
| 	    return 0;
|   ;
|   return 0;
| }
configure:14950: result: yes
configure:14960: checking for u_int64_t
configure:14960: gcc -c -g -O2  conftest.c >&5
configure:14960: $? = 0
configure:14960: gcc -c -g -O2  conftest.c >&5
conftest.c: In function 'main':
conftest.c:71:24: error: expected expression before ')' token
configure:14960: $? = 1
configure: failed program was:
| /* confdefs.h */
| #define PACKAGE_NAME "ctemplate"
| #define PACKAGE_TARNAME "ctemplate"
| #define PACKAGE_VERSION "2.2"
| #define PACKAGE_STRING "ctemplate 2.2"
| #define PACKAGE_BUGREPORT "google-ctemplate@googlegroups.com"
| #define PACKAGE_URL ""
| #define PACKAGE "ctemplate"
| #define VERSION "2.2"
| #define STDC_HEADERS 1
| #define HAVE_SYS_TYPES_H 1
| #define HAVE_SYS_STAT_H 1
| #define HAVE_STDLIB_H 1
| #define HAVE_STRING_H 1
| #define HAVE_MEMORY_H 1
| #define HAVE_STRINGS_H 1
| #define HAVE_INTTYPES_H 1
| #define HAVE_STDINT_H 1
| #define HAVE_UNISTD_H 1
| #define HAVE_DLFCN_H 1
| #define LT_OBJDIR ".libs/"
| #define HAVE___ATTRIBUTE__ 1
| #define STDC_HEADERS 1
| #define PRIuS "lu"
| #define PRIxS "lx"
| #define PRIdS "ld"
| #define HAVE_GETOPT_LONG 1
| #define HAVE_GETOPT 1
| #define HAVE_GETOPT_H 1
| #define HAVE_UTIME_H 1
| #define HAVE_UINT32_T 1
| #define HAVE_U_INT32_T 1
| #define HAVE_UINT64_T 1
| /* end confdefs.h.  */
| #include <stdio.h>
| #ifdef HAVE_SYS_TYPES_H
| # include <sys/types.h>
| #endif
| #ifdef HAVE_SYS_STAT_H
| # include <sys/stat.h>
| #endif
| #ifdef STDC_HEADERS
| # include <stdlib.h>
| # include <stddef.h>
| #else
| # ifdef HAVE_STDLIB_H
| #  include <stdlib.h>
| # endif
| #endif
| #ifdef HAVE_STRING_H
| # if !defined STDC_HEADERS && defined HAVE_MEMORY_H
| #  include <memory.h>
| # endif
| # include <string.h>
| #endif
| #ifdef HAVE_STRINGS_H
| # include <strings.h>
| #endif
| #ifdef HAVE_INTTYPES_H
| # include <inttypes.h>
| #endif
| #ifdef HAVE_STDINT_H
| # include <stdint.h>
| #endif
| #ifdef HAVE_UNISTD_H
| # include <unistd.h>
| #endif
| int
| main ()
| {
| if (sizeof ((u_int64_t)))
| 	    return 0;
|   ;
|   return 0;
| }
configure:14960: result: yes
configure:14970: checking for __int64
configure:14970: gcc -c -g -O2  conftest.c >&5
conftest.c: In function 'main':
conftest.c:72:13: error: '__int64' undeclared (first use in this function)
conftest.c:72:13: note: each undeclared identifier is reported only once for each function it appears in
configure:14970: $? = 1
configure: failed program was:
| /* confdefs.h */
| #define PACKAGE_NAME "ctemplate"
| #define PACKAGE_TARNAME "ctemplate"
| #define PACKAGE_VERSION "2.2"
| #define PACKAGE_STRING "ctemplate 2.2"
| #define PACKAGE_BUGREPORT "google-ctemplate@googlegroups.com"
| #define PACKAGE_URL ""
| #define PACKAGE "ctemplate"
| #define VERSION "2.2"
| #define STDC_HEADERS 1
| #define HAVE_SYS_TYPES_H 1
| #define HAVE_SYS_STAT_H 1
| #define HAVE_STDLIB_H 1
| #define HAVE_STRING_H 1
| #define HAVE_MEMORY_H 1
| #define HAVE_STRINGS_H 1
| #define HAVE_INTTYPES_H 1
| #define HAVE_STDINT_H 1
| #define HAVE_UNISTD_H 1
| #define HAVE_DLFCN_H 1
| #define LT_OBJDIR ".libs/"
| #define HAVE___ATTRIBUTE__ 1
| #define STDC_HEADERS 1
| #define PRIuS "lu"
| #define PRIxS "lx"
| #define PRIdS "ld"
| #define HAVE_GETOPT_LONG 1
| #define HAVE_GETOPT 1
| #define HAVE_GETOPT_H 1
| #define HAVE_UTIME_H 1
| #define HAVE_UINT32_T 1
| #define HAVE_U_INT32_T 1
| #define HAVE_UINT64_T 1
| #define HAVE_U_INT64_T 1
| /* end confdefs.h.  */
| #include <stdio.h>
| #ifdef HAVE_SYS_TYPES_H
| # include <sys/types.h>
| #endif
| #ifdef HAVE_SYS_STAT_H
| # include <sys/stat.h>
| #endif
| #ifdef STDC_HEADERS
| # include <stdlib.h>
| # include <stddef.h>
| #else
| # ifdef HAVE_STDLIB_H
| #  include <stdlib.h>
| # endif
| #endif
| #ifdef HAVE_STRING_H
| # if !defined STDC_HEADERS && defined HAVE_MEMORY_H
| #  include <memory.h>
| # endif
| # include <string.h>
| #endif
| #ifdef HAVE_STRINGS_H
| # include <strings.h>
| #endif
| #ifdef HAVE_INTTYPES_H
| # include <inttypes.h>
| #endif
| #ifdef HAVE_STDINT_H
| # include <stdint.h>
| #endif
| #ifdef HAVE_UNISTD_H
| # include <unistd.h>
| #endif
| int
| main ()
| {
| if (sizeof (__int64))
| 	 return 0;
|   ;
|   return 0;
| }
configure:14970: result: no
configure:14984: checking for dirent.h that defines DIR
configure:15003: gcc -c -g -O2  conftest.c >&5
configure:15003: $? = 0
configure:15011: result: yes
configure:15024: checking for library containing opendir
configure:15055: gcc -o conftest -g -O2   conftest.c  >&5
configure:15055: $? = 0
configure:15072: result: none required
configure:15144: checking byteswap.h usability
configure:15144: gcc -c -g -O2  conftest.c >&5
configure:15144: $? = 0
configure:15144: result: yes
configure:15144: checking byteswap.h presence
configure:15144: gcc -E  conftest.c
configure:15144: $? = 0
configure:15144: result: yes
configure:15144: checking for byteswap.h
configure:15144: result: yes
configure:15156: checking libkern/OSByteOrder.h usability
configure:15156: gcc -c -g -O2  conftest.c >&5
conftest.c:71:33: fatal error: libkern/OSByteOrder.h: No such file or directory
compilation terminated.
configure:15156: $? = 1
configure: failed program was:
| /* confdefs.h */
| #define PACKAGE_NAME "ctemplate"
| #define PACKAGE_TARNAME "ctemplate"
| #define PACKAGE_VERSION "2.2"
| #define PACKAGE_STRING "ctemplate 2.2"
| #define PACKAGE_BUGREPORT "google-ctemplate@googlegroups.com"
| #define PACKAGE_URL ""
| #define PACKAGE "ctemplate"
| #define VERSION "2.2"
| #define STDC_HEADERS 1
| #define HAVE_SYS_TYPES_H 1
| #define HAVE_SYS_STAT_H 1
| #define HAVE_STDLIB_H 1
| #define HAVE_STRING_H 1
| #define HAVE_MEMORY_H 1
| #define HAVE_STRINGS_H 1
| #define HAVE_INTTYPES_H 1
| #define HAVE_STDINT_H 1
| #define HAVE_UNISTD_H 1
| #define HAVE_DLFCN_H 1
| #define LT_OBJDIR ".libs/"
| #define HAVE___ATTRIBUTE__ 1
| #define STDC_HEADERS 1
| #define PRIuS "lu"
| #define PRIxS "lx"
| #define PRIdS "ld"
| #define HAVE_GETOPT_LONG 1
| #define HAVE_GETOPT 1
| #define HAVE_GETOPT_H 1
| #define HAVE_UTIME_H 1
| #define HAVE_UINT32_T 1
| #define HAVE_U_INT32_T 1
| #define HAVE_UINT64_T 1
| #define HAVE_U_INT64_T 1
| #define HAVE_DIRENT_H 1
| #define HAVE_BYTESWAP_H 1
| /* end confdefs.h.  */
| #include <stdio.h>
| #ifdef HAVE_SYS_TYPES_H
| # include <sys/types.h>
| #endif
| #ifdef HAVE_SYS_STAT_H
| # include <sys/stat.h>
| #endif
| #ifdef STDC_HEADERS
| # include <stdlib.h>
| # include <stddef.h>
| #else
| # ifdef HAVE_STDLIB_H
| #  include <stdlib.h>
| # endif
| #endif
| #ifdef HAVE_STRING_H
| # if !defined STDC_HEADERS && defined HAVE_MEMORY_H
| #  include <memory.h>
| # endif
| # include <string.h>
| #endif
| #ifdef HAVE_STRINGS_H
| # include <strings.h>
| #endif
| #ifdef HAVE_INTTYPES_H
| # include <inttypes.h>
| #endif
| #ifdef HAVE_STDINT_H
| # include <stdint.h>
| #endif
| #ifdef HAVE_UNISTD_H
| # include <unistd.h>
| #endif
| #include <libkern/OSByteOrder.h>
configure:15156: result: no
configure:15156: checking libkern/OSByteOrder.h presence
configure:15156: gcc -E  conftest.c
conftest.c:38:33: fatal error: libkern/OSByteOrder.h: No such file or directory
compilation terminated.
configure:15156: $? = 1
configure: failed program was:
| /* confdefs.h */
| #define PACKAGE_NAME "ctemplate"
| #define PACKAGE_TARNAME "ctemplate"
| #define PACKAGE_VERSION "2.2"
| #define PACKAGE_STRING "ctemplate 2.2"
| #define PACKAGE_BUGREPORT "google-ctemplate@googlegroups.com"
| #define PACKAGE_URL ""
| #define PACKAGE "ctemplate"
| #define VERSION "2.2"
| #define STDC_HEADERS 1
| #define HAVE_SYS_TYPES_H 1
| #define HAVE_SYS_STAT_H 1
| #define HAVE_STDLIB_H 1
| #define HAVE_STRING_H 1
| #define HAVE_MEMORY_H 1
| #define HAVE_STRINGS_H 1
| #define HAVE_INTTYPES_H 1
| #define HAVE_STDINT_H 1
| #define HAVE_UNISTD_H 1
| #define HAVE_DLFCN_H 1
| #define LT_OBJDIR ".libs/"
| #define HAVE___ATTRIBUTE__ 1
| #define STDC_HEADERS 1
| #define PRIuS "lu"
| #define PRIxS "lx"
| #define PRIdS "ld"
| #define HAVE_GETOPT_LONG 1
| #define HAVE_GETOPT 1
| #define HAVE_GETOPT_H 1
| #define HAVE_UTIME_H 1
| #define HAVE_UINT32_T 1
| #define HAVE_U_INT32_T 1
| #define HAVE_UINT64_T 1
| #define HAVE_U_INT64_T 1
| #define HAVE_DIRENT_H 1
| #define HAVE_BYTESWAP_H 1
| /* end confdefs.h.  */
| #include <libkern/OSByteOrder.h>
configure:15156: result: no
configure:15156: checking for libkern/OSByteOrder.h
configure:15156: result: no
configure:15168: checking sys/byteorder.h usability
configure:15168: gcc -c -g -O2  conftest.c >&5
conftest.c:71:27: fatal error: sys/byteorder.h: No such file or directory
compilation terminated.
configure:15168: $? = 1
configure: failed program was:
| /* confdefs.h */
| #define PACKAGE_NAME "ctemplate"
| #define PACKAGE_TARNAME "ctemplate"
| #define PACKAGE_VERSION "2.2"
| #define PACKAGE_STRING "ctemplate 2.2"
| #define PACKAGE_BUGREPORT "google-ctemplate@googlegroups.com"
| #define PACKAGE_URL ""
| #define PACKAGE "ctemplate"
| #define VERSION "2.2"
| #define STDC_HEADERS 1
| #define HAVE_SYS_TYPES_H 1
| #define HAVE_SYS_STAT_H 1
| #define HAVE_STDLIB_H 1
| #define HAVE_STRING_H 1
| #define HAVE_MEMORY_H 1
| #define HAVE_STRINGS_H 1
| #define HAVE_INTTYPES_H 1
| #define HAVE_STDINT_H 1
| #define HAVE_UNISTD_H 1
| #define HAVE_DLFCN_H 1
| #define LT_OBJDIR ".libs/"
| #define HAVE___ATTRIBUTE__ 1
| #define STDC_HEADERS 1
| #define PRIuS "lu"
| #define PRIxS "lx"
| #define PRIdS "ld"
| #define HAVE_GETOPT_LONG 1
| #define HAVE_GETOPT 1
| #define HAVE_GETOPT_H 1
| #define HAVE_UTIME_H 1
| #define HAVE_UINT32_T 1
| #define HAVE_U_INT32_T 1
| #define HAVE_UINT64_T 1
| #define HAVE_U_INT64_T 1
| #define HAVE_DIRENT_H 1
| #define HAVE_BYTESWAP_H 1
| /* end confdefs.h.  */
| #include <stdio.h>
| #ifdef HAVE_SYS_TYPES_H
| # include <sys/types.h>
| #endif
| #ifdef HAVE_SYS_STAT_H
| # include <sys/stat.h>
| #endif
| #ifdef STDC_HEADERS
| # include <stdlib.h>
| # include <stddef.h>
| #else
| # ifdef HAVE_STDLIB_H
| #  include <stdlib.h>
| # endif
| #endif
| #ifdef HAVE_STRING_H
| # if !defined STDC_HEADERS && defined HAVE_MEMORY_H
| #  include <memory.h>
| # endif
| # include <string.h>
| #endif
| #ifdef HAVE_STRINGS_H
| # include <strings.h>
| #endif
| #ifdef HAVE_INTTYPES_H
| # include <inttypes.h>
| #endif
| #ifdef HAVE_STDINT_H
| # include <stdint.h>
| #endif
| #ifdef HAVE_UNISTD_H
| # include <unistd.h>
| #endif
| #include <sys/byteorder.h>
configure:15168: result: no
configure:15168: checking sys/byteorder.h presence
configure:15168: gcc -E  conftest.c
conftest.c:38:27: fatal error: sys/byteorder.h: No such file or directory
compilation terminated.
configure:15168: $? = 1
configure: failed program was:
| /* confdefs.h */
| #define PACKAGE_NAME "ctemplate"
| #define PACKAGE_TARNAME "ctemplate"
| #define PACKAGE_VERSION "2.2"
| #define PACKAGE_STRING "ctemplate 2.2"
| #define PACKAGE_BUGREPORT "google-ctemplate@googlegroups.com"
| #define PACKAGE_URL ""
| #define PACKAGE "ctemplate"
| #define VERSION "2.2"
| #define STDC_HEADERS 1
| #define HAVE_SYS_TYPES_H 1
| #define HAVE_SYS_STAT_H 1
| #define HAVE_STDLIB_H 1
| #define HAVE_STRING_H 1
| #define HAVE_MEMORY_H 1
| #define HAVE_STRINGS_H 1
| #define HAVE_INTTYPES_H 1
| #define HAVE_STDINT_H 1
| #define HAVE_UNISTD_H 1
| #define HAVE_DLFCN_H 1
| #define LT_OBJDIR ".libs/"
| #define HAVE___ATTRIBUTE__ 1
| #define STDC_HEADERS 1
| #define PRIuS "lu"
| #define PRIxS "lx"
| #define PRIdS "ld"
| #define HAVE_GETOPT_LONG 1
| #define HAVE_GETOPT 1
| #define HAVE_GETOPT_H 1
| #define HAVE_UTIME_H 1
| #define HAVE_UINT32_T 1
| #define HAVE_U_INT32_T 1
| #define HAVE_UINT64_T 1
| #define HAVE_U_INT64_T 1
| #define HAVE_DIRENT_H 1
| #define HAVE_BYTESWAP_H 1
| /* end confdefs.h.  */
| #include <sys/byteorder.h>
configure:15168: result: no
configure:15168: checking for sys/byteorder.h
configure:15168: result: no
configure:15180: checking endian.h usability
configure:15180: gcc -c -g -O2  conftest.c >&5
configure:15180: $? = 0
configure:15180: result: yes
configure:15180: checking endian.h presence
configure:15180: gcc -E  conftest.c
configure:15180: $? = 0
configure:15180: result: yes
configure:15180: checking for endian.h
configure:15180: result: yes
configure:15192: checking machine/endian.h usability
configure:15192: gcc -c -g -O2  conftest.c >&5
conftest.c:72:28: fatal error: machine/endian.h: No such file or directory
compilation terminated.
configure:15192: $? = 1
configure: failed program was:
| /* confdefs.h */
| #define PACKAGE_NAME "ctemplate"
| #define PACKAGE_TARNAME "ctemplate"
| #define PACKAGE_VERSION "2.2"
| #define PACKAGE_STRING "ctemplate 2.2"
| #define PACKAGE_BUGREPORT "google-ctemplate@googlegroups.com"
| #define PACKAGE_URL ""
| #define PACKAGE "ctemplate"
| #define VERSION "2.2"
| #define STDC_HEADERS 1
| #define HAVE_SYS_TYPES_H 1
| #define HAVE_SYS_STAT_H 1
| #define HAVE_STDLIB_H 1
| #define HAVE_STRING_H 1
| #define HAVE_MEMORY_H 1
| #define HAVE_STRINGS_H 1
| #define HAVE_INTTYPES_H 1
| #define HAVE_STDINT_H 1
| #define HAVE_UNISTD_H 1
| #define HAVE_DLFCN_H 1
| #define LT_OBJDIR ".libs/"
| #define HAVE___ATTRIBUTE__ 1
| #define STDC_HEADERS 1
| #define PRIuS "lu"
| #define PRIxS "lx"
| #define PRIdS "ld"
| #define HAVE_GETOPT_LONG 1
| #define HAVE_GETOPT 1
| #define HAVE_GETOPT_H 1
| #define HAVE_UTIME_H 1
| #define HAVE_UINT32_T 1
| #define HAVE_U_INT32_T 1
| #define HAVE_UINT64_T 1
| #define HAVE_U_INT64_T 1
| #define HAVE_DIRENT_H 1
| #define HAVE_BYTESWAP_H 1
| #define HAVE_ENDIAN_H 1
| /* end confdefs.h.  */
| #include <stdio.h>
| #ifdef HAVE_SYS_TYPES_H
| # include <sys/types.h>
| #endif
| #ifdef HAVE_SYS_STAT_H
| # include <sys/stat.h>
| #endif
| #ifdef STDC_HEADERS
| # include <stdlib.h>
| # include <stddef.h>
| #else
| # ifdef HAVE_STDLIB_H
| #  include <stdlib.h>
| # endif
| #endif
| #ifdef HAVE_STRING_H
| # if !defined STDC_HEADERS && defined HAVE_MEMORY_H
| #  include <memory.h>
| # endif
| # include <string.h>
| #endif
| #ifdef HAVE_STRINGS_H
| # include <strings.h>
| #endif
| #ifdef HAVE_INTTYPES_H
| # include <inttypes.h>
| #endif
| #ifdef HAVE_STDINT_H
| # include <stdint.h>
| #endif
| #ifdef HAVE_UNISTD_H
| # include <unistd.h>
| #endif
| #include <machine/endian.h>
configure:15192: result: no
configure:15192: checking machine/endian.h presence
configure:15192: gcc -E  conftest.c
conftest.c:39:28: fatal error: machine/endian.h: No such file or directory
compilation terminated.
configure:15192: $? = 1
configure: failed program was:
| /* confdefs.h */
| #define PACKAGE_NAME "ctemplate"
| #define PACKAGE_TARNAME "ctemplate"
| #define PACKAGE_VERSION "2.2"
| #define PACKAGE_STRING "ctemplate 2.2"
| #define PACKAGE_BUGREPORT "google-ctemplate@googlegroups.com"
| #define PACKAGE_URL ""
| #define PACKAGE "ctemplate"
| #define VERSION "2.2"
| #define STDC_HEADERS 1
| #define HAVE_SYS_TYPES_H 1
| #define HAVE_SYS_STAT_H 1
| #define HAVE_STDLIB_H 1
| #define HAVE_STRING_H 1
| #define HAVE_MEMORY_H 1
| #define HAVE_STRINGS_H 1
| #define HAVE_INTTYPES_H 1
| #define HAVE_STDINT_H 1
| #define HAVE_UNISTD_H 1
| #define HAVE_DLFCN_H 1
| #define LT_OBJDIR ".libs/"
| #define HAVE___ATTRIBUTE__ 1
| #define STDC_HEADERS 1
| #define PRIuS "lu"
| #define PRIxS "lx"
| #define PRIdS "ld"
| #define HAVE_GETOPT_LONG 1
| #define HAVE_GETOPT 1
| #define HAVE_GETOPT_H 1
| #define HAVE_UTIME_H 1
| #define HAVE_UINT32_T 1
| #define HAVE_U_INT32_T 1
| #define HAVE_UINT64_T 1
| #define HAVE_U_INT64_T 1
| #define HAVE_DIRENT_H 1
| #define HAVE_BYTESWAP_H 1
| #define HAVE_ENDIAN_H 1
| /* end confdefs.h.  */
| #include <machine/endian.h>
configure:15192: result: no
configure:15192: checking for machine/endian.h
configure:15192: result: no
configure:15204: checking sys/endian.h usability
configure:15204: gcc -c -g -O2  conftest.c >&5
conftest.c:72:24: fatal error: sys/endian.h: No such file or directory
compilation terminated.
configure:15204: $? = 1
configure: failed program was:
| /* confdefs.h */
| #define PACKAGE_NAME "ctemplate"
| #define PACKAGE_TARNAME "ctemplate"
| #define PACKAGE_VERSION "2.2"
| #define PACKAGE_STRING "ctemplate 2.2"
| #define PACKAGE_BUGREPORT "google-ctemplate@googlegroups.com"
| #define PACKAGE_URL ""
| #define PACKAGE "ctemplate"
| #define VERSION "2.2"
| #define STDC_HEADERS 1
| #define HAVE_SYS_TYPES_H 1
| #define HAVE_SYS_STAT_H 1
| #define HAVE_STDLIB_H 1
| #define HAVE_STRING_H 1
| #define HAVE_MEMORY_H 1
| #define HAVE_STRINGS_H 1
| #define HAVE_INTTYPES_H 1
| #define HAVE_STDINT_H 1
| #define HAVE_UNISTD_H 1
| #define HAVE_DLFCN_H 1
| #define LT_OBJDIR ".libs/"
| #define HAVE___ATTRIBUTE__ 1
| #define STDC_HEADERS 1
| #define PRIuS "lu"
| #define PRIxS "lx"
| #define PRIdS "ld"
| #define HAVE_GETOPT_LONG 1
| #define HAVE_GETOPT 1
| #define HAVE_GETOPT_H 1
| #define HAVE_UTIME_H 1
| #define HAVE_UINT32_T 1
| #define HAVE_U_INT32_T 1
| #define HAVE_UINT64_T 1
| #define HAVE_U_INT64_T 1
| #define HAVE_DIRENT_H 1
| #define HAVE_BYTESWAP_H 1
| #define HAVE_ENDIAN_H 1
| /* end confdefs.h.  */
| #include <stdio.h>
| #ifdef HAVE_SYS_TYPES_H
| # include <sys/types.h>
| #endif
| #ifdef HAVE_SYS_STAT_H
| # include <sys/stat.h>
| #endif
| #ifdef STDC_HEADERS
| # include <stdlib.h>
| # include <stddef.h>
| #else
| # ifdef HAVE_STDLIB_H
| #  include <stdlib.h>
| # endif
| #endif
| #ifdef HAVE_STRING_H
| # if !defined STDC_HEADERS && defined HAVE_MEMORY_H
| #  include <memory.h>
| # endif
| # include <string.h>
| #endif
| #ifdef HAVE_STRINGS_H
| # include <strings.h>
| #endif
| #ifdef HAVE_INTTYPES_H
| # include <inttypes.h>
| #endif
| #ifdef HAVE_STDINT_H
| # include <stdint.h>
| #endif
| #ifdef HAVE_UNISTD_H
| # include <unistd.h>
| #endif
| #include <sys/endian.h>
configure:15204: result: no
configure:15204: checking sys/endian.h presence
configure:15204: gcc -E  conftest.c
conftest.c:39:24: fatal error: sys/endian.h: No such file or directory
compilation terminated.
configure:15204: $? = 1
configure: failed program was:
| /* confdefs.h */
| #define PACKAGE_NAME "ctemplate"
| #define PACKAGE_TARNAME "ctemplate"
| #define PACKAGE_VERSION "2.2"
| #define PACKAGE_STRING "ctemplate 2.2"
| #define PACKAGE_BUGREPORT "google-ctemplate@googlegroups.com"
| #define PACKAGE_URL ""
| #define PACKAGE "ctemplate"
| #define VERSION "2.2"
| #define STDC_HEADERS 1
| #define HAVE_SYS_TYPES_H 1
| #define HAVE_SYS_STAT_H 1
| #define HAVE_STDLIB_H 1
| #define HAVE_STRING_H 1
| #define HAVE_MEMORY_H 1
| #define HAVE_STRINGS_H 1
| #define HAVE_INTTYPES_H 1
| #define HAVE_STDINT_H 1
| #define HAVE_UNISTD_H 1
| #define HAVE_DLFCN_H 1
| #define LT_OBJDIR ".libs/"
| #define HAVE___ATTRIBUTE__ 1
| #define STDC_HEADERS 1
| #define PRIuS "lu"
| #define PRIxS "lx"
| #define PRIdS "ld"
| #define HAVE_GETOPT_LONG 1
| #define HAVE_GETOPT 1
| #define HAVE_GETOPT_H 1
| #define HAVE_UTIME_H 1
| #define HAVE_UINT32_T 1
| #define HAVE_U_INT32_T 1
| #define HAVE_UINT64_T 1
| #define HAVE_U_INT64_T 1
| #define HAVE_DIRENT_H 1
| #define HAVE_BYTESWAP_H 1
| #define HAVE_ENDIAN_H 1
| /* end confdefs.h.  */
| #include <sys/endian.h>
configure:15204: result: no
configure:15204: checking for sys/endian.h
configure:15204: result: no
configure:15216: checking sys/isa_defs.h usability
configure:15216: gcc -c -g -O2  conftest.c >&5
conftest.c:72:26: fatal error: sys/isa_defs.h: No such file or directory
compilation terminated.
configure:15216: $? = 1
configure: failed program was:
| /* confdefs.h */
| #define PACKAGE_NAME "ctemplate"
| #define PACKAGE_TARNAME "ctemplate"
| #define PACKAGE_VERSION "2.2"
| #define PACKAGE_STRING "ctemplate 2.2"
| #define PACKAGE_BUGREPORT "google-ctemplate@googlegroups.com"
| #define PACKAGE_URL ""
| #define PACKAGE "ctemplate"
| #define VERSION "2.2"
| #define STDC_HEADERS 1
| #define HAVE_SYS_TYPES_H 1
| #define HAVE_SYS_STAT_H 1
| #define HAVE_STDLIB_H 1
| #define HAVE_STRING_H 1
| #define HAVE_MEMORY_H 1
| #define HAVE_STRINGS_H 1
| #define HAVE_INTTYPES_H 1
| #define HAVE_STDINT_H 1
| #define HAVE_UNISTD_H 1
| #define HAVE_DLFCN_H 1
| #define LT_OBJDIR ".libs/"
| #define HAVE___ATTRIBUTE__ 1
| #define STDC_HEADERS 1
| #define PRIuS "lu"
| #define PRIxS "lx"
| #define PRIdS "ld"
| #define HAVE_GETOPT_LONG 1
| #define HAVE_GETOPT 1
| #define HAVE_GETOPT_H 1
| #define HAVE_UTIME_H 1
| #define HAVE_UINT32_T 1
| #define HAVE_U_INT32_T 1
| #define HAVE_UINT64_T 1
| #define HAVE_U_INT64_T 1
| #define HAVE_DIRENT_H 1
| #define HAVE_BYTESWAP_H 1
| #define HAVE_ENDIAN_H 1
| /* end confdefs.h.  */
| #include <stdio.h>
| #ifdef HAVE_SYS_TYPES_H
| # include <sys/types.h>
| #endif
| #ifdef HAVE_SYS_STAT_H
| # include <sys/stat.h>
| #endif
| #ifdef STDC_HEADERS
| # include <stdlib.h>
| # include <stddef.h>
| #else
| # ifdef HAVE_STDLIB_H
| #  include <stdlib.h>
| # endif
| #endif
| #ifdef HAVE_STRING_H
| # if !defined STDC_HEADERS && defined HAVE_MEMORY_H
| #  include <memory.h>
| # endif
| # include <string.h>
| #endif
| #ifdef HAVE_STRINGS_H
| # include <strings.h>
| #endif
| #ifdef HAVE_INTTYPES_H
| # include <inttypes.h>
| #endif
| #ifdef HAVE_STDINT_H
| # include <stdint.h>
| #endif
| #ifdef HAVE_UNISTD_H
| # include <unistd.h>
| #endif
| #include <sys/isa_defs.h>
configure:15216: result: no
configure:15216: checking sys/isa_defs.h presence
configure:15216: gcc -E  conftest.c
conftest.c:39:26: fatal error: sys/isa_defs.h: No such file or directory
compilation terminated.
configure:15216: $? = 1
configure: failed program was:
| /* confdefs.h */
| #define PACKAGE_NAME "ctemplate"
| #define PACKAGE_TARNAME "ctemplate"
| #define PACKAGE_VERSION "2.2"
| #define PACKAGE_STRING "ctemplate 2.2"
| #define PACKAGE_BUGREPORT "google-ctemplate@googlegroups.com"
| #define PACKAGE_URL ""
| #define PACKAGE "ctemplate"
| #define VERSION "2.2"
| #define STDC_HEADERS 1
| #define HAVE_SYS_TYPES_H 1
| #define HAVE_SYS_STAT_H 1
| #define HAVE_STDLIB_H 1
| #define HAVE_STRING_H 1
| #define HAVE_MEMORY_H 1
| #define HAVE_STRINGS_H 1
| #define HAVE_INTTYPES_H 1
| #define HAVE_STDINT_H 1
| #define HAVE_UNISTD_H 1
| #define HAVE_DLFCN_H 1
| #define LT_OBJDIR ".libs/"
| #define HAVE___ATTRIBUTE__ 1
| #define STDC_HEADERS 1
| #define PRIuS "lu"
| #define PRIxS "lx"
| #define PRIdS "ld"
| #define HAVE_GETOPT_LONG 1
| #define HAVE_GETOPT 1
| #define HAVE_GETOPT_H 1
| #define HAVE_UTIME_H 1
| #define HAVE_UINT32_T 1
| #define HAVE_U_INT32_T 1
| #define HAVE_UINT64_T 1
| #define HAVE_U_INT64_T 1
| #define HAVE_DIRENT_H 1
| #define HAVE_BYTESWAP_H 1
| #define HAVE_ENDIAN_H 1
| /* end confdefs.h.  */
| #include <sys/isa_defs.h>
configure:15216: result: no
configure:15216: checking for sys/isa_defs.h
configure:15216: result: no
configure:15393: checking for the pthreads library -lpthreads
configure:15426: gcc -o conftest -g -O2    conftest.c -lpthreads  >&5
/usr/bin/ld: cannot find -lpthreads
collect2: error: ld returned 1 exit status
configure:15426: $? = 1
configure: failed program was:
| /* confdefs.h */
| #define PACKAGE_NAME "ctemplate"
| #define PACKAGE_TARNAME "ctemplate"
| #define PACKAGE_VERSION "2.2"
| #define PACKAGE_STRING "ctemplate 2.2"
| #define PACKAGE_BUGREPORT "google-ctemplate@googlegroups.com"
| #define PACKAGE_URL ""
| #define PACKAGE "ctemplate"
| #define VERSION "2.2"
| #define STDC_HEADERS 1
| #define HAVE_SYS_TYPES_H 1
| #define HAVE_SYS_STAT_H 1
| #define HAVE_STDLIB_H 1
| #define HAVE_STRING_H 1
| #define HAVE_MEMORY_H 1
| #define HAVE_STRINGS_H 1
| #define HAVE_INTTYPES_H 1
| #define HAVE_STDINT_H 1
| #define HAVE_UNISTD_H 1
| #define HAVE_DLFCN_H 1
| #define LT_OBJDIR ".libs/"
| #define HAVE___ATTRIBUTE__ 1
| #define STDC_HEADERS 1
| #define PRIuS "lu"
| #define PRIxS "lx"
| #define PRIdS "ld"
| #define HAVE_GETOPT_LONG 1
| #define HAVE_GETOPT 1
| #define HAVE_GETOPT_H 1
| #define HAVE_UTIME_H 1
| #define HAVE_UINT32_T 1
| #define HAVE_U_INT32_T 1
| #define HAVE_UINT64_T 1
| #define HAVE_U_INT64_T 1
| #define HAVE_DIRENT_H 1
| #define HAVE_BYTESWAP_H 1
| #define HAVE_ENDIAN_H 1
| /* end confdefs.h.  */
| #include <pthread.h>
| int
| main ()
| {
| pthread_t th; pthread_join(th, 0);
|                      pthread_attr_init(0); pthread_cleanup_push(0, 0);
|                      pthread_create(0,0,0,0); pthread_cleanup_pop(0);
|   ;
|   return 0;
| }
configure:15435: result: no
configure:15338: checking whether pthreads work without any flags
configure:15426: gcc -o conftest -g -O2    conftest.c   >&5
/tmp/cc6TPdu6.o: In function `main':
/home/justin/rikitiki/third/ctemplate-2.2/conftest.c:43: undefined reference to `pthread_join'
/home/justin/rikitiki/third/ctemplate-2.2/conftest.c:44: undefined reference to `__pthread_register_cancel'
/home/justin/rikitiki/third/ctemplate-2.2/conftest.c:45: undefined reference to `pthread_create'
/home/justin/rikitiki/third/ctemplate-2.2/conftest.c:45: undefined reference to `__pthread_unregister_cancel'
collect2: error: ld returned 1 exit status
configure:15426: $? = 1
configure: failed program was:
| /* confdefs.h */
| #define PACKAGE_NAME "ctemplate"
| #define PACKAGE_TARNAME "ctemplate"
| #define PACKAGE_VERSION "2.2"
| #define PACKAGE_STRING "ctemplate 2.2"
| #define PACKAGE_BUGREPORT "google-ctemplate@googlegroups.com"
| #define PACKAGE_URL ""
| #define PACKAGE "ctemplate"
| #define VERSION "2.2"
| #define STDC_HEADERS 1
| #define HAVE_SYS_TYPES_H 1
| #define HAVE_SYS_STAT_H 1
| #define HAVE_STDLIB_H 1
| #define HAVE_STRING_H 1
| #define HAVE_MEMORY_H 1
| #define HAVE_STRINGS_H 1
| #define HAVE_INTTYPES_H 1
| #define HAVE_STDINT_H 1
| #define HAVE_UNISTD_H 1
| #define HAVE_DLFCN_H 1
| #define LT_OBJDIR ".libs/"
| #define HAVE___ATTRIBUTE__ 1
| #define STDC_HEADERS 1
| #define PRIuS "lu"
| #define PRIxS "lx"
| #define PRIdS "ld"
| #define HAVE_GETOPT_LONG 1
| #define HAVE_GETOPT 1
| #define HAVE_GETOPT_H 1
| #define HAVE_UTIME_H 1
| #define HAVE_UINT32_T 1
| #define HAVE_U_INT32_T 1
| #define HAVE_UINT64_T 1
| #define HAVE_U_INT64_T 1
| #define HAVE_DIRENT_H 1
| #define HAVE_BYTESWAP_H 1
| #define HAVE_ENDIAN_H 1
| /* end confdefs.h.  */
| #include <pthread.h>
| int
| main ()
| {
| pthread_t th; pthread_join(th, 0);
|                      pthread_attr_init(0); pthread_cleanup_push(0, 0);
|                      pthread_create(0,0,0,0); pthread_cleanup_pop(0);
|   ;
|   return 0;
| }
configure:15435: result: no
configure:15343: checking whether pthreads work with -Kthread
configure:15426: gcc -o conftest -g -O2 -Kthread   conftest.c   >&5
gcc: error: unrecognized command line option '-Kthread'
configure:15426: $? = 1
configure: failed program was:
| /* confdefs.h */
| #define PACKAGE_NAME "ctemplate"
| #define PACKAGE_TARNAME "ctemplate"
| #define PACKAGE_VERSION "2.2"
| #define PACKAGE_STRING "ctemplate 2.2"
| #define PACKAGE_BUGREPORT "google-ctemplate@googlegroups.com"
| #define PACKAGE_URL ""
| #define PACKAGE "ctemplate"
| #define VERSION "2.2"
| #define STDC_HEADERS 1
| #define HAVE_SYS_TYPES_H 1
| #define HAVE_SYS_STAT_H 1
| #define HAVE_STDLIB_H 1
| #define HAVE_STRING_H 1
| #define HAVE_MEMORY_H 1
| #define HAVE_STRINGS_H 1
| #define HAVE_INTTYPES_H 1
| #define HAVE_STDINT_H 1
| #define HAVE_UNISTD_H 1
| #define HAVE_DLFCN_H 1
| #define LT_OBJDIR ".libs/"
| #define HAVE___ATTRIBUTE__ 1
| #define STDC_HEADERS 1
| #define PRIuS "lu"
| #define PRIxS "lx"
| #define PRIdS "ld"
| #define HAVE_GETOPT_LONG 1
| #define HAVE_GETOPT 1
| #define HAVE_GETOPT_H 1
| #define HAVE_UTIME_H 1
| #define HAVE_UINT32_T 1
| #define HAVE_U_INT32_T 1
| #define HAVE_UINT64_T 1
| #define HAVE_U_INT64_T 1
| #define HAVE_DIRENT_H 1
| #define HAVE_BYTESWAP_H 1
| #define HAVE_ENDIAN_H 1
| /* end confdefs.h.  */
| #include <pthread.h>
| int
| main ()
| {
| pthread_t th; pthread_join(th, 0);
|                      pthread_attr_init(0); pthread_cleanup_push(0, 0);
|                      pthread_create(0,0,0,0); pthread_cleanup_pop(0);
|   ;
|   return 0;
| }
configure:15435: result: no
configure:15343: checking whether pthreads work with -kthread
configure:15426: gcc -o conftest -g -O2 -kthread   conftest.c   >&5
gcc: error: unrecognized command line option '-kthread'
configure:15426: $? = 1
configure: failed program was:
| /* confdefs.h */
| #define PACKAGE_NAME "ctemplate"
| #define PACKAGE_TARNAME "ctemplate"
| #define PACKAGE_VERSION "2.2"
| #define PACKAGE_STRING "ctemplate 2.2"
| #define PACKAGE_BUGREPORT "google-ctemplate@googlegroups.com"
| #define PACKAGE_URL ""
| #define PACKAGE "ctemplate"
| #define VERSION "2.2"
| #define STDC_HEADERS 1
| #define HAVE_SYS_TYPES_H 1
| #define HAVE_SYS_STAT_H 1
| #define HAVE_STDLIB_H 1
| #define HAVE_STRING_H 1
| #define HAVE_MEMORY_H 1
| #define HAVE_STRINGS_H 1
| #define HAVE_INTTYPES_H 1
| #define HAVE_STDINT_H 1
| #define HAVE_UNISTD_H 1
| #define HAVE_DLFCN_H 1
| #define LT_OBJDIR ".libs/"
| #define HAVE___ATTRIBUTE__ 1
| #define STDC_HEADERS 1
| #define PRIuS "lu"
| #define PRIxS "lx"
| #define PRIdS "ld"
| #define HAVE_GETOPT_LONG 1
| #define HAVE_GETOPT 1
| #define HAVE_GETOPT_H 1
| #define HAVE_UTIME_H 1
| #define HAVE_UINT32_T 1
| #define HAVE_U_INT32_T 1
| #define HAVE_UINT64_T 1
| #define HAVE_U_INT64_T 1
| #define HAVE_DIRENT_H 1
| #define HAVE_BYTESWAP_H 1
| #define HAVE_ENDIAN_H 1
| /* end confdefs.h.  */
| #include <pthread.h>
| int
| main ()
| {
| pthread_t th; pthread_join(th, 0);
|                      pthread_attr_init(0); pthread_cleanup_push(0, 0);
|                      pthread_create(0,0,0,0); pthread_cleanup_pop(0);
|   ;
|   return 0;
| }
configure:15435: result: no
configure:15393: checking for the pthreads library -llthread
configure:15426: gcc -o conftest -g -O2    conftest.c -llthread  >&5
/usr/bin/ld: cannot find -llthread
collect2: error: ld returned 1 exit status
configure:15426: $? = 1
configure: failed program was:
| /* confdefs.h */
| #define PACKAGE_NAME "ctemplate"
| #define PACKAGE_TARNAME "ctemplate"
| #define PACKAGE_VERSION "2.2"
| #define PACKAGE_STRING "ctemplate 2.2"
| #define PACKAGE_BUGREPORT "google-ctemplate@googlegroups.com"
| #define PACKAGE_URL ""
| #define PACKAGE "ctemplate"
| #define VERSION "2.2"
| #define STDC_HEADERS 1
| #define HAVE_SYS_TYPES_H 1
| #define HAVE_SYS_STAT_H 1
| #define HAVE_STDLIB_H 1
| #define HAVE_STRING_H 1
| #define HAVE_MEMORY_H 1
| #define HAVE_STRINGS_H 1
| #define HAVE_INTTYPES_H 1
| #define HAVE_STDINT_H 1
| #define HAVE_UNISTD_H 1
| #define HAVE_DLFCN_H 1
| #define LT_OBJDIR ".libs/"
| #define HAVE___ATTRIBUTE__ 1
| #define STDC_HEADERS 1
| #define PRIuS "lu"
| #define PRIxS "lx"
| #define PRIdS "ld"
| #define HAVE_GETOPT_LONG 1
| #define HAVE_GETOPT 1
| #define HAVE_GETOPT_H 1
| #define HAVE_UTIME_H 1
| #define HAVE_UINT32_T 1
| #define HAVE_U_INT32_T 1
| #define HAVE_UINT64_T 1
| #define HAVE_U_INT64_T 1
| #define HAVE_DIRENT_H 1
| #define HAVE_BYTESWAP_H 1
| #define HAVE_ENDIAN_H 1
| /* end confdefs.h.  */
| #include <pthread.h>
| int
| main ()
| {
| pthread_t th; pthread_join(th, 0);
|                      pthread_attr_init(0); pthread_cleanup_push(0, 0);
|                      pthread_create(0,0,0,0); pthread_cleanup_pop(0);
|   ;
|   return 0;
| }
configure:15435: result: no
configure:15343: checking whether pthreads work with -pthread
configure:15426: gcc -o conftest -g -O2 -pthread   conftest.c   >&5
configure:15426: $? = 0
configure:15435: result: yes
configure:15454: checking for joinable pthread attribute
configure:15469: gcc -o conftest -g -O2 -pthread   conftest.c   >&5
configure:15469: $? = 0
configure:15475: result: PTHREAD_CREATE_JOINABLE
configure:15485: checking if more special flags are required for pthreads
configure:15492: result: no
configure:15581: checking whether to check for GCC pthread/shared inconsistencies
configure:15594: gcc -o conftest -shared -fPIC -Wl,-z,defs -g -O2 -pthread   conftest.c   >&5
configure:15594: $? = 0
configure:15606: result: yes
configure:15612: checking whether -pthread is sufficient with -shared
configure:15627: gcc -o conftest -shared -fPIC -Wl,-z,defs -g -O2 -pthread   conftest.c   >&5
configure:15627: $? = 0
configure:15634: result: yes
configure:15722: checking whether what we have so far is sufficient with -nostdlib
configure:15740: gcc -o conftest -nostdlib -shared -fPIC -Wl,-z,defs -g -O2 -pthread   conftest.c   -lc >&5
/tmp/cc4auIqG.o: In function `main':
/home/justin/rikitiki/third/ctemplate-2.2/conftest.c:43: undefined reference to `pthread_join'
/home/justin/rikitiki/third/ctemplate-2.2/conftest.c:44: undefined reference to `__pthread_register_cancel'
/home/justin/rikitiki/third/ctemplate-2.2/conftest.c:45: undefined reference to `pthread_create'
/home/justin/rikitiki/third/ctemplate-2.2/conftest.c:45: undefined reference to `__pthread_unregister_cancel'
collect2: error: ld returned 1 exit status
configure:15740: $? = 1
configure: failed program was:
| /* confdefs.h */
| #define PACKAGE_NAME "ctemplate"
| #define PACKAGE_TARNAME "ctemplate"
| #define PACKAGE_VERSION "2.2"
| #define PACKAGE_STRING "ctemplate 2.2"
| #define PACKAGE_BUGREPORT "google-ctemplate@googlegroups.com"
| #define PACKAGE_URL ""
| #define PACKAGE "ctemplate"
| #define VERSION "2.2"
| #define STDC_HEADERS 1
| #define HAVE_SYS_TYPES_H 1
| #define HAVE_SYS_STAT_H 1
| #define HAVE_STDLIB_H 1
| #define HAVE_STRING_H 1
| #define HAVE_MEMORY_H 1
| #define HAVE_STRINGS_H 1
| #define HAVE_INTTYPES_H 1
| #define HAVE_STDINT_H 1
| #define HAVE_UNISTD_H 1
| #define HAVE_DLFCN_H 1
| #define LT_OBJDIR ".libs/"
| #define HAVE___ATTRIBUTE__ 1
| #define STDC_HEADERS 1
| #define PRIuS "lu"
| #define PRIxS "lx"
| #define PRIdS "ld"
| #define HAVE_GETOPT_LONG 1
| #define HAVE_GETOPT 1
| #define HAVE_GETOPT_H 1
| #define HAVE_UTIME_H 1
| #define HAVE_UINT32_T 1
| #define HAVE_U_INT32_T 1
| #define HAVE_UINT64_T 1
| #define HAVE_U_INT64_T 1
| #define HAVE_DIRENT_H 1
| #define HAVE_BYTESWAP_H 1
| #define HAVE_ENDIAN_H 1
| /* end confdefs.h.  */
| #include <pthread.h>
| int
| main ()
| {
| pthread_t th; pthread_join(th, 0);
| 	       pthread_attr_init(0); pthread_cleanup_push(0, 0);
| 	       pthread_create(0,0,0,0); pthread_cleanup_pop(0);
|   ;
|   return 0;
| }
configure:15752: result: no
configure:15757: checking whether -lpthread saves the day
configure:15773: gcc -o conftest -nostdlib -shared -fPIC -Wl,-z,defs -g -O2 -pthread   conftest.c -lpthread   -lc >&5
configure:15773: $? = 0
configure:15782: result: yes
configure:15825: checking support for pthread_rwlock_* functions
configure:15854: gcc -c -g -O2  conftest.c >&5
configure:15854: $? = 0
configure:15868: result: yes
configure:15881: checking whether first argument to InterlockedExchange omits volatile
configure:15904: g++ -c -g -O2  conftest.cpp >&5
conftest.cpp:41:21: fatal error: windows.h: No such file or directory
compilation terminated.
configure:15904: $? = 1
configure: failed program was:
| /* confdefs.h */
| #define PACKAGE_NAME "ctemplate"
| #define PACKAGE_TARNAME "ctemplate"
| #define PACKAGE_VERSION "2.2"
| #define PACKAGE_STRING "ctemplate 2.2"
| #define PACKAGE_BUGREPORT "google-ctemplate@googlegroups.com"
| #define PACKAGE_URL ""
| #define PACKAGE "ctemplate"
| #define VERSION "2.2"
| #define STDC_HEADERS 1
| #define HAVE_SYS_TYPES_H 1
| #define HAVE_SYS_STAT_H 1
| #define HAVE_STDLIB_H 1
| #define HAVE_STRING_H 1
| #define HAVE_MEMORY_H 1
| #define HAVE_STRINGS_H 1
| #define HAVE_INTTYPES_H 1
| #define HAVE_STDINT_H 1
| #define HAVE_UNISTD_H 1
| #define HAVE_DLFCN_H 1
| #define LT_OBJDIR ".libs/"
| #define HAVE___ATTRIBUTE__ 1
| #define STDC_HEADERS 1
| #define PRIuS "lu"
| #define PRIxS "lx"
| #define PRIdS "ld"
| #define HAVE_GETOPT_LONG 1
| #define HAVE_GETOPT 1
| #define HAVE_GETOPT_H 1
| #define HAVE_UTIME_H 1
| #define HAVE_UINT32_T 1
| #define HAVE_U_INT32_T 1
| #define HAVE_UINT64_T 1
| #define HAVE_U_INT64_T 1
| #define HAVE_DIRENT_H 1
| #define HAVE_BYTESWAP_H 1
| #define HAVE_ENDIAN_H 1
| #define HAVE_PTHREAD 1
| #define HAVE_RWLOCK 1
| /* end confdefs.h.  */
| #include <windows.h>
| int
| main ()
| {
| volatile LONG once; InterlockedExchange(&once,  1);
|   ;
|   return 0;
| }
configure:15924: result: yes
configure:15930: checking whether the compiler implements namespaces
configure:15954: g++ -c -g -O2  conftest.cpp >&5
configure:15954: $? = 0
configure:15967: result: yes
configure:15974: checking what namespace STL code is in
configure:15998: g++ -c -g -O2  conftest.cpp >&5
conftest.cpp: In function 'int main()':
conftest.cpp:47:1: error: 'vector' was not declared in this scope
conftest.cpp:47:1: note: suggested alternative:
In file included from /usr/lib/gcc/x86_64-unknown-linux-gnu/4.7.2/../../../../include/c++/4.7.2/vector:65:0,
                 from conftest.cpp:43:
/usr/lib/gcc/x86_64-unknown-linux-gnu/4.7.2/../../../../include/c++/4.7.2/bits/stl_vector.h:208:11: note:   'std::vector'
conftest.cpp:47:8: error: expected primary-expression before 'int'
conftest.cpp:47:8: error: expected ';' before 'int'
configure:15998: $? = 1
configure: failed program was:
| /* confdefs.h */
| #define PACKAGE_NAME "ctemplate"
| #define PACKAGE_TARNAME "ctemplate"
| #define PACKAGE_VERSION "2.2"
| #define PACKAGE_STRING "ctemplate 2.2"
| #define PACKAGE_BUGREPORT "google-ctemplate@googlegroups.com"
| #define PACKAGE_URL ""
| #define PACKAGE "ctemplate"
| #define VERSION "2.2"
| #define STDC_HEADERS 1
| #define HAVE_SYS_TYPES_H 1
| #define HAVE_SYS_STAT_H 1
| #define HAVE_STDLIB_H 1
| #define HAVE_STRING_H 1
| #define HAVE_MEMORY_H 1
| #define HAVE_STRINGS_H 1
| #define HAVE_INTTYPES_H 1
| #define HAVE_STDINT_H 1
| #define HAVE_UNISTD_H 1
| #define HAVE_DLFCN_H 1
| #define LT_OBJDIR ".libs/"
| #define HAVE___ATTRIBUTE__ 1
| #define STDC_HEADERS 1
| #define PRIuS "lu"
| #define PRIxS "lx"
| #define PRIdS "ld"
| #define HAVE_GETOPT_LONG 1
| #define HAVE_GETOPT 1
| #define HAVE_GETOPT_H 1
| #define HAVE_UTIME_H 1
| #define HAVE_UINT32_T 1
| #define HAVE_U_INT32_T 1
| #define HAVE_UINT64_T 1
| #define HAVE_U_INT64_T 1
| #define HAVE_DIRENT_H 1
| #define HAVE_BYTESWAP_H 1
| #define HAVE_ENDIAN_H 1
| #define HAVE_PTHREAD 1
| #define HAVE_RWLOCK 1
| #define INTERLOCKED_EXCHANGE_NONVOLATILE 1
| #define HAVE_NAMESPACES 1
| /* end confdefs.h.  */
| #include <vector>
| int
| main ()
| {
| vector<int> t; return 0;
|   ;
|   return 0;
| }
configure:16013: g++ -c -g -O2  conftest.cpp >&5
configure:16013: $? = 0
configure:16024: result: std
configure:16077: checking the location of hash_map
configure:16103: g++ -c -g -O2  conftest.cpp >&5
configure:16103: $? = 0
configure:16125: g++ -c -g -O2  conftest.cpp >&5
In file included from /usr/lib/gcc/x86_64-unknown-linux-gnu/4.7.2/../../../../include/c++/4.7.2/unordered_map:35:0,
                 from conftest.cpp:47:
/usr/lib/gcc/x86_64-unknown-linux-gnu/4.7.2/../../../../include/c++/4.7.2/bits/c++0x_warning.h:32:2: error: #error This file requires compiler and library support for the ISO C++ 2011 standard. This support is currently experimental, and must be enabled with the -std=c++11 or -std=gnu++11 compiler options.
conftest.cpp: In function 'int main()':
conftest.cpp:51:7: error: 'unordered_map' in namespace 'std' does not name a type
conftest.cpp:52:33: error: 't' was not declared in this scope
configure:16125: $? = 1
configure: failed program was:
| /* confdefs.h */
| #define PACKAGE_NAME "ctemplate"
| #define PACKAGE_TARNAME "ctemplate"
| #define PACKAGE_VERSION "2.2"
| #define PACKAGE_STRING "ctemplate 2.2"
| #define PACKAGE_BUGREPORT "google-ctemplate@googlegroups.com"
| #define PACKAGE_URL ""
| #define PACKAGE "ctemplate"
| #define VERSION "2.2"
| #define STDC_HEADERS 1
| #define HAVE_SYS_TYPES_H 1
| #define HAVE_SYS_STAT_H 1
| #define HAVE_STDLIB_H 1
| #define HAVE_STRING_H 1
| #define HAVE_MEMORY_H 1
| #define HAVE_STRINGS_H 1
| #define HAVE_INTTYPES_H 1
| #define HAVE_STDINT_H 1
| #define HAVE_UNISTD_H 1
| #define HAVE_DLFCN_H 1
| #define LT_OBJDIR ".libs/"
| #define HAVE___ATTRIBUTE__ 1
| #define STDC_HEADERS 1
| #define PRIuS "lu"
| #define PRIxS "lx"
| #define PRIdS "ld"
| #define HAVE_GETOPT_LONG 1
| #define HAVE_GETOPT 1
| #define HAVE_GETOPT_H 1
| #define HAVE_UTIME_H 1
| #define HAVE_UINT32_T 1
| #define HAVE_U_INT32_T 1
| #define HAVE_UINT64_T 1
| #define HAVE_U_INT64_T 1
| #define HAVE_DIRENT_H 1
| #define HAVE_BYTESWAP_H 1
| #define HAVE_ENDIAN_H 1
| #define HAVE_PTHREAD 1
| #define HAVE_RWLOCK 1
| #define INTERLOCKED_EXCHANGE_NONVOLATILE 1
| #define HAVE_NAMESPACES 1
| #define STL_NAMESPACE std
| #define GOOGLE_NAMESPACE ::ctemplate
| #define _START_GOOGLE_NAMESPACE_ namespace ctemplate {
| #define _END_GOOGLE_NAMESPACE_ }
| /* end confdefs.h.  */
| #include <unordered_map>
| int
| main ()
| {
| const std::unordered_map<int, int> t;
|                          return t.find(5) == t.end();
|   ;
|   return 0;
| }
configure:16125: g++ -c -g -O2  conftest.cpp >&5
In file included from /usr/lib/gcc/x86_64-unknown-linux-gnu/4.7.2/../../../../include/c++/4.7.2/unordered_map:35:0,
                 from conftest.cpp:47:
/usr/lib/gcc/x86_64-unknown-linux-gnu/4.7.2/../../../../include/c++/4.7.2/bits/c++0x_warning.h:32:2: error: #error This file requires compiler and library support for the ISO C++ 2011 standard. This support is currently experimental, and must be enabled with the -std=c++11 or -std=gnu++11 compiler options.
conftest.cpp: In function 'int main()':
conftest.cpp:51:7: error: 'tr1' in namespace 'std' does not name a type
conftest.cpp:52:33: error: 't' was not declared in this scope
configure:16125: $? = 1
configure: failed program was:
| /* confdefs.h */
| #define PACKAGE_NAME "ctemplate"
| #define PACKAGE_TARNAME "ctemplate"
| #define PACKAGE_VERSION "2.2"
| #define PACKAGE_STRING "ctemplate 2.2"
| #define PACKAGE_BUGREPORT "google-ctemplate@googlegroups.com"
| #define PACKAGE_URL ""
| #define PACKAGE "ctemplate"
| #define VERSION "2.2"
| #define STDC_HEADERS 1
| #define HAVE_SYS_TYPES_H 1
| #define HAVE_SYS_STAT_H 1
| #define HAVE_STDLIB_H 1
| #define HAVE_STRING_H 1
| #define HAVE_MEMORY_H 1
| #define HAVE_STRINGS_H 1
| #define HAVE_INTTYPES_H 1
| #define HAVE_STDINT_H 1
| #define HAVE_UNISTD_H 1
| #define HAVE_DLFCN_H 1
| #define LT_OBJDIR ".libs/"
| #define HAVE___ATTRIBUTE__ 1
| #define STDC_HEADERS 1
| #define PRIuS "lu"
| #define PRIxS "lx"
| #define PRIdS "ld"
| #define HAVE_GETOPT_LONG 1
| #define HAVE_GETOPT 1
| #define HAVE_GETOPT_H 1
| #define HAVE_UTIME_H 1
| #define HAVE_UINT32_T 1
| #define HAVE_U_INT32_T 1
| #define HAVE_UINT64_T 1
| #define HAVE_U_INT64_T 1
| #define HAVE_DIRENT_H 1
| #define HAVE_BYTESWAP_H 1
| #define HAVE_ENDIAN_H 1
| #define HAVE_PTHREAD 1
| #define HAVE_RWLOCK 1
| #define INTERLOCKED_EXCHANGE_NONVOLATILE 1
| #define HAVE_NAMESPACES 1
| #define STL_NAMESPACE std
| #define GOOGLE_NAMESPACE ::ctemplate
| #define _START_GOOGLE_NAMESPACE_ namespace ctemplate {
| #define _END_GOOGLE_NAMESPACE_ }
| /* end confdefs.h.  */
| #include <unordered_map>
| int
| main ()
| {
| const std::tr1::unordered_map<int, int> t;
|                          return t.find(5) == t.end();
|   ;
|   return 0;
| }
configure:16125: g++ -c -g -O2  conftest.cpp >&5
conftest.cpp: In function 'int main()':
conftest.cpp:51:7: error: 'unordered_map' in namespace 'std' does not name a type
conftest.cpp:52:33: error: 't' was not declared in this scope
configure:16125: $? = 1
configure: failed program was:
| /* confdefs.h */
| #define PACKAGE_NAME "ctemplate"
| #define PACKAGE_TARNAME "ctemplate"
| #define PACKAGE_VERSION "2.2"
| #define PACKAGE_STRING "ctemplate 2.2"
| #define PACKAGE_BUGREPORT "google-ctemplate@googlegroups.com"
| #define PACKAGE_URL ""
| #define PACKAGE "ctemplate"
| #define VERSION "2.2"
| #define STDC_HEADERS 1
| #define HAVE_SYS_TYPES_H 1
| #define HAVE_SYS_STAT_H 1
| #define HAVE_STDLIB_H 1
| #define HAVE_STRING_H 1
| #define HAVE_MEMORY_H 1
| #define HAVE_STRINGS_H 1
| #define HAVE_INTTYPES_H 1
| #define HAVE_STDINT_H 1
| #define HAVE_UNISTD_H 1
| #define HAVE_DLFCN_H 1
| #define LT_OBJDIR ".libs/"
| #define HAVE___ATTRIBUTE__ 1
| #define STDC_HEADERS 1
| #define PRIuS "lu"
| #define PRIxS "lx"
| #define PRIdS "ld"
| #define HAVE_GETOPT_LONG 1
| #define HAVE_GETOPT 1
| #define HAVE_GETOPT_H 1
| #define HAVE_UTIME_H 1
| #define HAVE_UINT32_T 1
| #define HAVE_U_INT32_T 1
| #define HAVE_UINT64_T 1
| #define HAVE_U_INT64_T 1
| #define HAVE_DIRENT_H 1
| #define HAVE_BYTESWAP_H 1
| #define HAVE_ENDIAN_H 1
| #define HAVE_PTHREAD 1
| #define HAVE_RWLOCK 1
| #define INTERLOCKED_EXCHANGE_NONVOLATILE 1
| #define HAVE_NAMESPACES 1
| #define STL_NAMESPACE std
| #define GOOGLE_NAMESPACE ::ctemplate
| #define _START_GOOGLE_NAMESPACE_ namespace ctemplate {
| #define _END_GOOGLE_NAMESPACE_ }
| /* end confdefs.h.  */
| #include <tr1/unordered_map>
| int
| main ()
| {
| const std::unordered_map<int, int> t;
|                          return t.find(5) == t.end();
|   ;
|   return 0;
| }
configure:16125: g++ -c -g -O2  conftest.cpp >&5
configure:16125: $? = 0
configure:16186: result: <tr1/unordered_map>
configure:16270: g++ -o conftest -g -O2   conftest.cpp  >&5
configure:16270: $? = 0
configure:16447: creating ./config.status

## ---------------- ##
## Cache variables. ##
## ---------------- ##

ac_cv___attribute__=yes
ac_cv_build=x86_64-unknown-linux-gnu
ac_cv_c_compiler_gnu=yes
ac_cv_cxx_compiler_gnu=yes
ac_cv_cxx_hash_map='<tr1/unordered_map>'
ac_cv_cxx_hash_map_class=std::tr1::unordered_map
ac_cv_cxx_hash_namespace=std::tr1
ac_cv_cxx_hash_set='<tr1/unordered_set>'
ac_cv_cxx_hash_set_class=std::tr1::unordered_set
ac_cv_cxx_have_unordered_map=yes
ac_cv_cxx_namespaces=yes
ac_cv_cxx_stl_namespace=std
ac_cv_env_CCC_set=
ac_cv_env_CCC_value=
ac_cv_env_CC_set=
ac_cv_env_CC_value=
ac_cv_env_CFLAGS_set=
ac_cv_env_CFLAGS_value=
ac_cv_env_CPPFLAGS_set=
ac_cv_env_CPPFLAGS_value=
ac_cv_env_CPP_set=
ac_cv_env_CPP_value=
ac_cv_env_CXXCPP_set=
ac_cv_env_CXXCPP_value=
ac_cv_env_CXXFLAGS_set=
ac_cv_env_CXXFLAGS_value=
ac_cv_env_CXX_set=
ac_cv_env_CXX_value=
ac_cv_env_LDFLAGS_set=
ac_cv_env_LDFLAGS_value=
ac_cv_env_LIBS_set=
ac_cv_env_LIBS_value=
ac_cv_env_build_alias_set=
ac_cv_env_build_alias_value=
ac_cv_env_host_alias_set=
ac_cv_env_host_alias_value=
ac_cv_env_target_alias_set=
ac_cv_env_target_alias_value=
ac_cv_formatting_prius_prefix=l
ac_cv_func_getopt=yes
ac_cv_func_getopt_long=yes
ac_cv_have_inttypes_h=1
ac_cv_have_stdint_h=1
ac_cv_header_byteswap_h=yes
ac_cv_header_dirent_dirent_h=yes
ac_cv_header_dlfcn_h=yes
ac_cv_header_endian_h=yes
ac_cv_header_getopt_h=yes
ac_cv_header_inttypes_h=yes
ac_cv_header_libkern_OSByteOrder_h=no
ac_cv_header_machine_endian_h=no
ac_cv_header_memory_h=yes
ac_cv_header_stdc=yes
ac_cv_header_stdint_h=yes
ac_cv_header_stdlib_h=yes
ac_cv_header_string_h=yes
ac_cv_header_strings_h=yes
ac_cv_header_sys_byteorder_h=no
ac_cv_header_sys_endian_h=no
ac_cv_header_sys_isa_defs_h=no
ac_cv_header_sys_stat_h=yes
ac_cv_header_sys_types_h=yes
ac_cv_header_unistd_h=yes
ac_cv_header_utime_h=yes
ac_cv_host=x86_64-unknown-linux-gnu
ac_cv_interlocked_exchange_nonvolatile=yes
ac_cv_objext=o
ac_cv_path_EGREP='/usr/bin/grep -E'
ac_cv_path_FGREP='/usr/bin/grep -F'
ac_cv_path_GREP=/usr/bin/grep
ac_cv_path_SED=/usr/bin/sed
ac_cv_path_install='/usr/bin/install -c'
ac_cv_path_mkdir=/usr/bin/mkdir
ac_cv_prius_defined=1
ac_cv_prog_AWK=gawk
ac_cv_prog_CPP='gcc -E'
ac_cv_prog_CXXCPP='g++ -E'
ac_cv_prog_ac_ct_AR=ar
ac_cv_prog_ac_ct_CC=gcc
ac_cv_prog_ac_ct_CXX=g++
ac_cv_prog_ac_ct_OBJDUMP=objdump
ac_cv_prog_ac_ct_RANLIB=ranlib
ac_cv_prog_ac_ct_STRIP=strip
ac_cv_prog_cc_c89=
ac_cv_prog_cc_g=yes
ac_cv_prog_cc_gcc_c_o=yes
ac_cv_prog_cxx_g=yes
ac_cv_prog_make_make_set=yes
ac_cv_rwlock=yes
ac_cv_search_opendir='none required'
ac_cv_type___int32=no
ac_cv_type___int64=no
ac_cv_type_u_int32_t=yes
ac_cv_type_u_int64_t=yes
ac_cv_type_uint32_t=yes
ac_cv_type_uint64_t=yes
ac_cv_uint64=u_int64_t
am_cv_CC_dependencies_compiler_type=gcc3
am_cv_CXX_dependencies_compiler_type=gcc3
lt_cv_deplibs_check_method=pass_all
lt_cv_file_magic_cmd='$MAGIC_CMD'
lt_cv_file_magic_test_file=
lt_cv_ld_reload_flag=-r
lt_cv_nm_interface='BSD nm'
lt_cv_objdir=.libs
lt_cv_path_LD=/usr/bin/ld
lt_cv_path_LDCXX='/usr/bin/ld -m elf_x86_64'
lt_cv_path_NM='/usr/bin/nm -B'
lt_cv_prog_compiler_c_o=yes
lt_cv_prog_compiler_c_o_CXX=yes
lt_cv_prog_compiler_pic_works=yes
lt_cv_prog_compiler_pic_works_CXX=yes
lt_cv_prog_compiler_rtti_exceptions=no
lt_cv_prog_compiler_static_works=yes
lt_cv_prog_compiler_static_works_CXX=yes
lt_cv_prog_gnu_ld=yes
lt_cv_prog_gnu_ldcxx=yes
lt_cv_sys_global_symbol_pipe='sed -n -e '\''s/^.*[	 ]\([ABCDGIRSTW][ABCDGIRSTW]*\)[	 ][	 ]*\([_A-Za-z][_A-Za-z0-9]*\)$/\1 \2 \2/p'\'''
lt_cv_sys_global_symbol_to_c_name_address='sed -n -e '\''s/^: \([^ ]*\) $/  {\"\1\", (void *) 0},/p'\'' -e '\''s/^[ABCDGIRSTW]* \([^ ]*\) \([^ ]*\)$/  {"\2", (void *) \&\2},/p'\'''
lt_cv_sys_global_symbol_to_c_name_address_lib_prefix='sed -n -e '\''s/^: \([^ ]*\) $/  {\"\1\", (void *) 0},/p'\'' -e '\''s/^[ABCDGIRSTW]* \([^ ]*\) \(lib[^ ]*\)$/  {"\2", (void *) \&\2},/p'\'' -e '\''s/^[ABCDGIRSTW]* \([^ ]*\) \([^ ]*\)$/  {"lib\2", (void *) \&\2},/p'\'''
lt_cv_sys_global_symbol_to_cdecl='sed -n -e '\''s/^T .* \(.*\)$/extern int \1();/p'\'' -e '\''s/^[ABCDGIRSTW]* .* \(.*\)$/extern char \1;/p'\'''
lt_cv_sys_max_cmd_len=1635000

## ----------------- ##
## Output variables. ##
## ----------------- ##

ACLOCAL='${SHELL} /home/justin/rikitiki/third/ctemplate-2.2/missing --run aclocal-1.11'
AMDEPBACKSLASH='\'
AMDEP_FALSE='#'
AMDEP_TRUE=''
AMTAR='${SHELL} /home/justin/rikitiki/third/ctemplate-2.2/missing --run tar'
AM_BACKSLASH='\'
AM_DEFAULT_VERBOSITY='0'
AR='ar'
AUTOCONF='${SHELL} /home/justin/rikitiki/third/ctemplate-2.2/missing --run autoconf'
AUTOHEADER='${SHELL} /home/justin/rikitiki/third/ctemplate-2.2/missing --run autoheader'
AUTOMAKE='${SHELL} /home/justin/rikitiki/third/ctemplate-2.2/missing --run automake-1.11'
AWK='gawk'
CC='gcc'
CCDEPMODE='depmode=gcc3'
CFLAGS='-g -O2'
CPP='gcc -E'
CPPFLAGS=''
CXX='g++'
CXXCPP='g++ -E'
CXXDEPMODE='depmode=gcc3'
CXXFLAGS='-g -O2'
CYGPATH_W='echo'
DEFS='-DHAVE_CONFIG_H'
DEPDIR='.deps'
DSYMUTIL=''
DUMPBIN=''
ECHO_C=''
ECHO_N='-n'
ECHO_T=''
EGREP='/usr/bin/grep -E'
EXEEXT=''
FGREP='/usr/bin/grep -F'
GCC_FALSE='#'
GCC_TRUE=''
GREP='/usr/bin/grep'
INSTALL_DATA='${INSTALL} -m 644'
INSTALL_PROGRAM='${INSTALL}'
INSTALL_SCRIPT='${INSTALL}'
INSTALL_STRIP_PROGRAM='$(install_sh) -c -s'
LD='/usr/bin/ld -m elf_x86_64'
LDFLAGS=''
LIBOBJS=''
LIBS=''
LIBTOOL='$(SHELL) $(top_builddir)/libtool'
LIBTOOL_DEPS='./ltmain.sh'
LIPO=''
LN_S='ln -s'
LTLIBOBJS=''
MAKEINFO='${SHELL} /home/justin/rikitiki/third/ctemplate-2.2/missing --run makeinfo'
MINGW_FALSE=''
MINGW_TRUE='#'
MKDIR_P='/usr/bin/mkdir -p'
NM='/usr/bin/nm -B'
NMEDIT=''
OBJDUMP='objdump'
OBJEXT='o'
OTOOL64=''
OTOOL=''
PACKAGE='ctemplate'
PACKAGE_BUGREPORT='google-ctemplate@googlegroups.com'
PACKAGE_NAME='ctemplate'
PACKAGE_STRING='ctemplate 2.2'
PACKAGE_TARNAME='ctemplate'
PACKAGE_URL=''
PACKAGE_VERSION='2.2'
PATH_SEPARATOR=':'
PTHREAD_CC='gcc'
PTHREAD_CFLAGS='-pthread'
PTHREAD_LIBS=' -lpthread'
RANLIB='ranlib'
SED='/usr/bin/sed'
SET_MAKE=''
SHELL='/bin/sh'
SO_VERSION='2:1:0'
STRIP='strip'
VERSION='2.2'
ac_ct_CC='gcc'
ac_ct_CXX='g++'
ac_ct_DUMPBIN=''
ac_cv_cxx_hash_map='<tr1/unordered_map>'
ac_cv_cxx_hash_map_class='std::tr1::unordered_map'
ac_cv_cxx_hash_set='<tr1/unordered_set>'
ac_cv_cxx_hash_set_class='std::tr1::unordered_set'
ac_cv_have_inttypes_h='1'
ac_cv_have_stdint_h='1'
ac_cv_uint64='u_int64_t'
ac_google_attribute='1'
ac_google_end_namespace='}'
ac_google_namespace='::ctemplate'
ac_google_start_namespace='namespace ctemplate {'
ac_have_attribute_weak='1'
ac_htmlparser_namespace='google_ctemplate_streamhtmlparser'
ac_windows_dllexport=''
ac_windows_dllexport_defines=''
acx_pthread_config=''
am__EXEEXT_FALSE=''
am__EXEEXT_TRUE='#'
am__fastdepCC_FALSE='#'
am__fastdepCC_TRUE=''
am__fastdepCXX_FALSE='#'
am__fastdepCXX_TRUE=''
am__include='include'
am__isrc=''
am__leading_dot='.'
am__quote=''
am__tar='${AMTAR} chof - "$$tardir"'
am__untar='${AMTAR} xf -'
bindir='${exec_prefix}/bin'
build='x86_64-unknown-linux-gnu'
build_alias=''
build_cpu='x86_64'
build_os='linux-gnu'
build_vendor='unknown'
datadir='${datarootdir}'
datarootdir='${prefix}/share'
docdir='${datarootdir}/doc/${PACKAGE_TARNAME}'
dvidir='${docdir}'
exec_prefix='${prefix}'
host='x86_64-unknown-linux-gnu'
host_alias=''
host_cpu='x86_64'
host_os='linux-gnu'
host_vendor='unknown'
htmldir='${docdir}'
includedir='${prefix}/include'
infodir='${datarootdir}/info'
install_sh='${SHELL} /home/justin/rikitiki/third/ctemplate-2.2/install-sh'
libdir='${exec_prefix}/lib'
libexecdir='${exec_prefix}/libexec'
localedir='${datarootdir}/locale'
localstatedir='${prefix}/var'
lt_ECHO='echo'
mandir='${datarootdir}/man'
mkdir_p='/usr/bin/mkdir -p'
oldincludedir='/usr/include'
pdfdir='${docdir}'
prefix='/usr/local'
program_transform_name='s,x,x,'
psdir='${docdir}'
sbindir='${exec_prefix}/sbin'
sharedstatedir='${prefix}/com'
sysconfdir='${prefix}/etc'
target_alias=''

## ----------- ##
## confdefs.h. ##
## ----------- ##

/* confdefs.h */
#define PACKAGE_NAME "ctemplate"
#define PACKAGE_TARNAME "ctemplate"
#define PACKAGE_VERSION "2.2"
#define PACKAGE_STRING "ctemplate 2.2"
#define PACKAGE_BUGREPORT "google-ctemplate@googlegroups.com"
#define PACKAGE_URL ""
#define PACKAGE "ctemplate"
#define VERSION "2.2"
#define STDC_HEADERS 1
#define HAVE_SYS_TYPES_H 1
#define HAVE_SYS_STAT_H 1
#define HAVE_STDLIB_H 1
#define HAVE_STRING_H 1
#define HAVE_MEMORY_H 1
#define HAVE_STRINGS_H 1
#define HAVE_INTTYPES_H 1
#define HAVE_STDINT_H 1
#define HAVE_UNISTD_H 1
#define HAVE_DLFCN_H 1
#define LT_OBJDIR ".libs/"
#define HAVE___ATTRIBUTE__ 1
#define STDC_HEADERS 1
#define PRIuS "lu"
#define PRIxS "lx"
#define PRIdS "ld"
#define HAVE_GETOPT_LONG 1
#define HAVE_GETOPT 1
#define HAVE_GETOPT_H 1
#define HAVE_UTIME_H 1
#define HAVE_UINT32_T 1
#define HAVE_U_INT32_T 1
#define HAVE_UINT64_T 1
#define HAVE_U_INT64_T 1
#define HAVE_DIRENT_H 1
#define HAVE_BYTESWAP_H 1
#define HAVE_ENDIAN_H 1
#define HAVE_PTHREAD 1
#define HAVE_RWLOCK 1
#define INTERLOCKED_EXCHANGE_NONVOLATILE 1
#define HAVE_NAMESPACES 1
#define STL_NAMESPACE std
#define GOOGLE_NAMESPACE ::ctemplate
#define _START_GOOGLE_NAMESPACE_ namespace ctemplate {
#define _END_GOOGLE_NAMESPACE_ }
#define HAVE_HASH_MAP 1
#define HAVE_HASH_SET 1
#define HASH_MAP_H <tr1/unordered_map>
#define HASH_SET_H <tr1/unordered_set>
#define HASH_NAMESPACE std::tr1
#define HAVE_UNORDERED_MAP 1
#define HTMLPARSER_NAMESPACE google_ctemplate_streamhtmlparser

configure: exit 0

## ---------------------- ##
## Running config.status. ##
## ---------------------- ##

This file was extended by ctemplate config.status 2.2, which was
generated by GNU Autoconf 2.69.  Invocation command line was

  CONFIG_FILES    = 
  CONFIG_HEADERS  = 
  CONFIG_LINKS    = 
  CONFIG_COMMANDS = 
  $ ./config.status 

on justin-laptop

config.status:1193: creating Makefile
config.status:1193: creating src/ctemplate/template_string.h
config.status:1193: creating src/ctemplate/template_enums.h
config.status:1193: creating src/ctemplate/template.h
config.status:1193: creating src/ctemplate/template_cache.h
config.status:1193: creating src/ctemplate/template_modifiers.h
config.status:1193: creating src/ctemplate/template_emitter.h
config.status:1193: creating src/ctemplate/template_annotator.h
config.status:1193: creating src/ctemplate/template_dictionary.h
config.status:1193: creating src/ctemplate/template_pathops.h
config.status:1193: creating src/ctemplate/template_namelist.h
config.status:1193: creating src/ctemplate/find_ptr.h
config.status:1193: creating src/ctemplate/per_expand_data.h
config.status:1193: creating src/ctemplate/str_ref.h
config.status:1193: creating src/ctemplate/template_dictionary_interface.h
config.status:1193: creating src/config.h
config.status:1374: src/config.h is unchanged
config.status:1422: executing depfiles commands
config.status:1422: executing libtool commands
